#
# There is insufficient memory for the Java Runtime Environment to continue.
# Native memory allocation (malloc) failed to allocate 1733088 bytes. Error detail: Chunk::new
# Possible reasons:
#   The system is out of physical RAM or swap space
#   This process is running with CompressedOops enabled, and the Java Heap may be blocking the growth of the native heap
# Possible solutions:
#   Reduce memory load on the system
#   Increase physical memory or swap space
#   Check if swap backing store is full
#   Decrease Java heap size (-Xmx/-Xms)
#   Decrease number of Java threads
#   Decrease Java thread stack sizes (-Xss)
#   Set larger code cache with -XX:ReservedCodeCacheSize=
#   JVM is running with Unscaled Compressed Oops mode in which the Java heap is
#     placed in the first 4GB address space. The Java Heap base address is the
#     maximum limit for the native heap growth. Please use -XX:HeapBaseMinAddress
#     to set the Java Heap base and to place the Java Heap above 4GB virtual address.
# This output file may be truncated or incomplete.
#
#  Out of Memory Error (arena.cpp:168), pid=7788, tid=30432
#
# JRE version: OpenJDK Runtime Environment Temurin-21.0.9+10 (21.0.9+10) (build 21.0.9+10-LTS)
# Java VM: OpenJDK 64-Bit Server VM Temurin-21.0.9+10 (21.0.9+10-LTS, mixed mode, sharing, tiered, compressed oops, compressed class ptrs, parallel gc, windows-amd64)
# No core dump will be written. Minidumps are not enabled by default on client versions of Windows
#

---------------  S U M M A R Y ------------

Command Line: --add-modules=ALL-SYSTEM --add-opens=java.base/java.util=ALL-UNNAMED --add-opens=java.base/java.lang=ALL-UNNAMED --add-opens=java.base/sun.nio.fs=ALL-UNNAMED -Declipse.application=org.eclipse.jdt.ls.core.id1 -Dosgi.bundles.defaultStartLevel=4 -Declipse.product=org.eclipse.jdt.ls.core.product -Djava.import.generatesMetadataFilesAtProjectRoot=false -DDetectVMInstallationsJob.disabled=true -Dfile.encoding=utf8 -XX:+UseParallelGC -XX:GCTimeRatio=4 -XX:AdaptiveSizePolicyWeight=90 -Dsun.zip.disableMemoryMapping=true -Xmx2G -Xms100m -Xlog:disable -javaagent:c:\Users\User\.vscode\extensions\redhat.java-1.50.0-win32-x64\lombok\lombok-1.18.39-4050.jar c:\Users\User\.vscode\extensions\redhat.java-1.50.0-win32-x64\server\plugins\org.eclipse.equinox.launcher_1.7.100.v20251111-0406.jar -configuration c:\Users\User\AppData\Roaming\Code\User\globalStorage\redhat.java\1.50.0\config_ss_win -data c:\Users\User\AppData\Roaming\Code\User\workspaceStorage\46e6670c960beda67469710289a0fed9\redhat.java\ss_ws --pipe=\\.\pipe\lsp-5b4a1a6aa86a1825a15bc7c1f769154b-sock

Host: 11th Gen Intel(R) Core(TM) i5-1135G7 @ 2.40GHz, 8 cores, 7G,  Windows 11 , 64 bit Build 26100 (10.0.26100.7019)
Time: Fri Dec  5 00:52:44 2025 Sri Lanka Standard Time elapsed time: 11.686219 seconds (0d 0h 0m 11s)

---------------  T H R E A D  ---------------

Current thread (0x000001ff93009370):  JavaThread "C2 CompilerThread0" daemon [_thread_in_native, id=30432, stack(0x0000009dbbc00000,0x0000009dbbd00000) (1024K)]


Current CompileTask:
C2:11686 2562       4       org.lombokweb.asm.ClassReader::readMethod (1070 bytes)

Stack: [0x0000009dbbc00000,0x0000009dbbd00000]
Native frames: (J=compiled Java code, j=interpreted, Vv=VM code, C=native code)
V  [jvm.dll+0x6d6e29]
V  [jvm.dll+0x8b4b76]
V  [jvm.dll+0x8b712e]
V  [jvm.dll+0x8b7813]
V  [jvm.dll+0x283d86]
V  [jvm.dll+0xc66ed]
V  [jvm.dll+0xc6c31]
V  [jvm.dll+0x3be53b]
V  [jvm.dll+0x38ab92]
V  [jvm.dll+0x389fda]
V  [jvm.dll+0x24bfa0]
V  [jvm.dll+0x24b580]
V  [jvm.dll+0x1cb13e]
V  [jvm.dll+0x25b29d]
V  [jvm.dll+0x25982a]
V  [jvm.dll+0x3f7ea6]
V  [jvm.dll+0x85e9ad]
V  [jvm.dll+0x6d565d]
C  [ucrtbase.dll+0x37b0]
C  [KERNEL32.DLL+0x2e8d7]
C  [ntdll.dll+0x8c53c]


---------------  P R O C E S S  ---------------

Threads class SMR info:
_java_thread_list=0x000001fff173d050, length=19, elements={
0x000001ff93084dd0, 0x000001ff9313e6b0, 0x000001ff92ff5cb0, 0x000001ff92ff9810,
0x000001ff92ffa460, 0x000001ff92ffe420, 0x000001ff92ffee70, 0x000001ff93009370,
0x000001ff930151a0, 0x000001ffec51bbf0, 0x000001ffec6a0520, 0x000001ffecdc03f0,
0x000001fff10a64f0, 0x000001fff10a74e0, 0x000001ffec4d10d0, 0x000001fff122f600,
0x000001fff13e6a50, 0x000001fff13b9800, 0x000001ffec9f4f70
}

Java Threads: ( => current thread )
  0x000001ff93084dd0 JavaThread "main"                              [_thread_blocked, id=4564, stack(0x0000009dbb200000,0x0000009dbb300000) (1024K)]
  0x000001ff9313e6b0 JavaThread "Reference Handler"          daemon [_thread_blocked, id=29992, stack(0x0000009dbb600000,0x0000009dbb700000) (1024K)]
  0x000001ff92ff5cb0 JavaThread "Finalizer"                  daemon [_thread_blocked, id=20552, stack(0x0000009dbb700000,0x0000009dbb800000) (1024K)]
  0x000001ff92ff9810 JavaThread "Signal Dispatcher"          daemon [_thread_blocked, id=29108, stack(0x0000009dbb800000,0x0000009dbb900000) (1024K)]
  0x000001ff92ffa460 JavaThread "Attach Listener"            daemon [_thread_blocked, id=23468, stack(0x0000009dbb900000,0x0000009dbba00000) (1024K)]
  0x000001ff92ffe420 JavaThread "Service Thread"             daemon [_thread_blocked, id=1428, stack(0x0000009dbba00000,0x0000009dbbb00000) (1024K)]
  0x000001ff92ffee70 JavaThread "Monitor Deflation Thread"   daemon [_thread_blocked, id=28256, stack(0x0000009dbbb00000,0x0000009dbbc00000) (1024K)]
=>0x000001ff93009370 JavaThread "C2 CompilerThread0"         daemon [_thread_in_native, id=30432, stack(0x0000009dbbc00000,0x0000009dbbd00000) (1024K)]
  0x000001ff930151a0 JavaThread "C1 CompilerThread0"         daemon [_thread_blocked, id=19144, stack(0x0000009dbbd00000,0x0000009dbbe00000) (1024K)]
  0x000001ffec51bbf0 JavaThread "Common-Cleaner"             daemon [_thread_blocked, id=30040, stack(0x0000009dbbf00000,0x0000009dbc000000) (1024K)]
  0x000001ffec6a0520 JavaThread "Notification Thread"        daemon [_thread_blocked, id=22556, stack(0x0000009dbc000000,0x0000009dbc100000) (1024K)]
  0x000001ffecdc03f0 JavaThread "Active Thread: Equinox Container: 52cc2f8c-cb44-41ef-97eb-391507c2897f"        [_thread_blocked, id=24052, stack(0x0000009dbc700000,0x0000009dbc800000) (1024K)]
  0x000001fff10a64f0 JavaThread "Framework Event Dispatcher: Equinox Container: 52cc2f8c-cb44-41ef-97eb-391507c2897f" daemon [_thread_blocked, id=25200, stack(0x0000009dbc800000,0x0000009dbc900000) (1024K)]
  0x000001fff10a74e0 JavaThread "Start Level: Equinox Container: 52cc2f8c-cb44-41ef-97eb-391507c2897f" daemon [_thread_blocked, id=31584, stack(0x0000009dbc900000,0x0000009dbca00000) (1024K)]
  0x000001ffec4d10d0 JavaThread "SCR Component Actor"        daemon [_thread_blocked, id=23012, stack(0x0000009dbbe00000,0x0000009dbbf00000) (1024K)]
  0x000001fff122f600 JavaThread "Worker-JM"                         [_thread_blocked, id=21328, stack(0x0000009dbcb00000,0x0000009dbcc00000) (1024K)]
  0x000001fff13e6a50 JavaThread "Worker-0"                          [_thread_blocked, id=14188, stack(0x0000009dbcd00000,0x0000009dbce00000) (1024K)]
  0x000001fff13b9800 JavaThread "Worker-1"                          [_thread_blocked, id=22368, stack(0x0000009dbce00000,0x0000009dbcf00000) (1024K)]
  0x000001ffec9f4f70 JavaThread "Java indexing"              daemon [_thread_blocked, id=27368, stack(0x0000009dbcc00000,0x0000009dbcd00000) (1024K)]
Total: 19

Other Threads:
  0x000001ff92ff35f0 VMThread "VM Thread"                           [id=21364, stack(0x0000009dbb500000,0x0000009dbb600000) (1024K)]
  0x000001ff930eecb0 WatcherThread "VM Periodic Task Thread"        [id=2660, stack(0x0000009dbb400000,0x0000009dbb500000) (1024K)]
  0x000001ff930a34e0 WorkerThread "GC Thread#0"                     [id=5480, stack(0x0000009dbb300000,0x0000009dbb400000) (1024K)]
  0x000001ffec95a3d0 WorkerThread "GC Thread#1"                     [id=31092, stack(0x0000009dbc100000,0x0000009dbc200000) (1024K)]
  0x000001ffec95a770 WorkerThread "GC Thread#2"                     [id=28916, stack(0x0000009dbc200000,0x0000009dbc300000) (1024K)]
  0x000001fff10843b0 WorkerThread "GC Thread#3"                     [id=17936, stack(0x0000009dbc300000,0x0000009dbc400000) (1024K)]
  0x000001fff1084750 WorkerThread "GC Thread#4"                     [id=26396, stack(0x0000009dbc400000,0x0000009dbc500000) (1024K)]
  0x000001ffece3c080 WorkerThread "GC Thread#5"                     [id=14448, stack(0x0000009dbc500000,0x0000009dbc600000) (1024K)]
  0x000001ffece3c830 WorkerThread "GC Thread#6"                     [id=31456, stack(0x0000009dbc600000,0x0000009dbc700000) (1024K)]
  0x000001fff11bafd0 WorkerThread "GC Thread#7"                     [id=3040, stack(0x0000009dbca00000,0x0000009dbcb00000) (1024K)]
Total: 10

Threads with active compile tasks:
C2 CompilerThread0  12596 2562       4       org.lombokweb.asm.ClassReader::readMethod (1070 bytes)
Total: 1

VM state: at safepoint (normal execution)

VM Mutex/Monitor currently owned by a thread:  ([mutex/lock_event])
[0x00007ffc2bedd570] Threads_lock - owner thread: 0x000001ff92ff35f0
[0x00007ffc2bedd670] Heap_lock - owner thread: 0x000001fff10a74e0

Heap address: 0x0000000080000000, size: 2048 MB, Compressed Oops mode: 32-bit

CDS archive(s) mapped at: [0x000001ffaa000000-0x000001ffaaba0000-0x000001ffaaba0000), size 12189696, SharedBaseAddress: 0x000001ffaa000000, ArchiveRelocationMode: 1.
Compressed class space mapped at: 0x000001ffab000000-0x000001ffeb000000, reserved size: 1073741824
Narrow klass base: 0x000001ffaa000000, Narrow klass shift: 0, Narrow klass range: 0x100000000

GC Precious Log:
 CardTable entry size: 512
 CPUs: 8 total, 8 available
 Memory: 7971M
 Large Page Support: Disabled
 NUMA Support: Disabled
 Compressed Oops: Enabled (32-bit)
 Alignments: Space 512K, Generation 512K, Heap 2M
 Heap Min Capacity: 100M
 Heap Initial Capacity: 100M
 Heap Max Capacity: 2G
 Pre-touch: Disabled
 Parallel Workers: 8

Heap:
 PSYoungGen      total 30720K, used 5475K [0x00000000d5580000, 0x00000000d7900000, 0x0000000100000000)
  eden space 25088K, 0% used [0x00000000d5580000,0x00000000d5580000,0x00000000d6e00000)
  from space 5632K, 97% used [0x00000000d7380000,0x00000000d78d8d68,0x00000000d7900000)
  to   space 4096K, 0% used [0x00000000d6e80000,0x00000000d6e80000,0x00000000d7280000)
 ParOldGen       total 68608K, used 6894K [0x0000000080000000, 0x0000000084300000, 0x00000000d5580000)
  object space 68608K, 10% used [0x0000000080000000,0x00000000806bbb78,0x0000000084300000)
 Metaspace       used 20893K, committed 21504K, reserved 1114112K
  class space    used 2008K, committed 2304K, reserved 1048576K

Card table byte_map: [0x000001ff92a20000,0x000001ff92e30000] _byte_map_base: 0x000001ff92620000

Marking Bits: (ParMarkBitMap*) 0x00007ffc2bee2460
 Begin Bits: [0x000001ffa5530000, 0x000001ffa7530000)
 End Bits:   [0x000001ffa7530000, 0x000001ffa9530000)

Polling page: 0x000001ff90fd0000

Metaspace:

Usage:
  Non-class:     18.44 MB used.
      Class:      1.96 MB used.
       Both:     20.40 MB used.

Virtual space:
  Non-class space:       64.00 MB reserved,      18.75 MB ( 29%) committed,  1 nodes.
      Class space:        1.00 GB reserved,       2.25 MB ( <1%) committed,  1 nodes.
             Both:        1.06 GB reserved,      21.00 MB (  2%) committed. 

Chunk freelists:
   Non-Class:  12.44 MB
       Class:  13.79 MB
        Both:  26.23 MB

MaxMetaspaceSize: unlimited
CompressedClassSpaceSize: 1.00 GB
Initial GC threshold: 21.00 MB
Current GC threshold: 21.00 MB
CDS: on
 - commit_granule_bytes: 65536.
 - commit_granule_words: 8192.
 - virtual_space_node_default_size: 8388608.
 - enlarge_chunks_in_place: 1.
 - use_allocation_guard: 0.


Internal statistics:

num_allocs_failed_limit: 3.
num_arena_births: 480.
num_arena_deaths: 0.
num_vsnodes_births: 2.
num_vsnodes_deaths: 0.
num_space_committed: 336.
num_space_uncommitted: 0.
num_chunks_returned_to_freelist: 3.
num_chunks_taken_from_freelist: 1252.
num_chunk_merges: 3.
num_chunk_splits: 829.
num_chunks_enlarged: 549.
num_inconsistent_stats: 0.

CodeHeap 'non-profiled nmethods': size=120000Kb used=1126Kb max_used=1126Kb free=118874Kb
 bounds [0x000001ff9dd50000, 0x000001ff9dfc0000, 0x000001ffa5280000]
CodeHeap 'profiled nmethods': size=120000Kb used=5384Kb max_used=5384Kb free=114615Kb
 bounds [0x000001ff96280000, 0x000001ff967d0000, 0x000001ff9d7b0000]
CodeHeap 'non-nmethods': size=5760Kb used=1315Kb max_used=1337Kb free=4444Kb
 bounds [0x000001ff9d7b0000, 0x000001ff9da20000, 0x000001ff9dd50000]
CodeCache: size=245760Kb, used=7825Kb, max_used=7847Kb, free=237933Kb
 total_blobs=3277, nmethods=2691, adapters=492, full_count=0
Compilation: enabled, stopped_count=0, restarted_count=0

Compilation events (20 events):
Event: 9.984 Thread 0x000001ff930151a0 nmethod 2656 0x000001ff9679ab10 code [0x000001ff9679aca0, 0x000001ff9679add0]
Event: 10.014 Thread 0x000001ff930151a0 2657       3       java.util.concurrent.locks.LockSupport::setBlocker (12 bytes)
Event: 10.015 Thread 0x000001ff930151a0 nmethod 2657 0x000001ff9679ae90 code [0x000001ff9679b040, 0x000001ff9679b248]
Event: 10.374 Thread 0x000001ff930151a0 2658       3       java.io.File::getCanonicalPath (31 bytes)
Event: 10.376 Thread 0x000001ff930151a0 nmethod 2658 0x000001ff9679b310 code [0x000001ff9679b500, 0x000001ff9679b7d8]
Event: 10.376 Thread 0x000001ff930151a0 2659   !   3       java.io.WinNTFileSystem::canonicalize (199 bytes)
Event: 10.380 Thread 0x000001ff930151a0 nmethod 2659 0x000001ff9679b910 code [0x000001ff9679bf00, 0x000001ff9679efe8]
Event: 10.380 Thread 0x000001ff930151a0 2661   !   3       java.lang.invoke.LambdaForm::compileToBytecode (164 bytes)
Event: 10.381 Thread 0x000001ff930151a0 nmethod 2661 0x000001ff967a0110 code [0x000001ff967a0380, 0x000001ff967a0c20]
Event: 10.381 Thread 0x000001ff930151a0 2660       3       java.net.URI::toURL (6 bytes)
Event: 10.381 Thread 0x000001ff930151a0 nmethod 2660 0x000001ff967a0f10 code [0x000001ff967a10c0, 0x000001ff967a1208]
Event: 10.443 Thread 0x000001ff93013d30 nmethod 2634 0x000001ff9de61590 code [0x000001ff9de61d60, 0x000001ff9de65ba0]
Event: 10.444 Thread 0x000001ff93013d30 2642       4       org.lombokweb.asm.ByteVector::putByte (39 bytes)
Event: 10.446 Thread 0x000001ff93013d30 nmethod 2642 0x000001ff9de68690 code [0x000001ff9de68820, 0x000001ff9de68988]
Event: 10.447 Thread 0x000001ff93013d30 2636       4       org.lombokweb.asm.ClassReader::readShort (27 bytes)
Event: 10.448 Thread 0x000001ff93013d30 nmethod 2636 0x000001ff9de68a90 code [0x000001ff9de68c20, 0x000001ff9de68d30]
Event: 11.384 Thread 0x000001ff930151a0 2663       3       java.util.concurrent.locks.AbstractQueuedSynchronizer::casTail (13 bytes)
Event: 11.464 Thread 0x000001ff930151a0 nmethod 2663 0x000001ff967a1290 code [0x000001ff967a1420, 0x000001ff967a1560]
Event: 11.464 Thread 0x000001ff930151a0 2664       3       jdk.internal.org.objectweb.asm.Frame::execute (2305 bytes)
Event: 11.468 Thread 0x000001ff930151a0 nmethod 2664 0x000001ff967a1610 code [0x000001ff967a2440, 0x000001ff967a88c0]

GC Heap History (10 events):
Event: 1.222 GC heap before
{Heap before GC invocations=1 (full 0):
 PSYoungGen      total 29696K, used 25600K [0x00000000d5580000, 0x00000000d7680000, 0x0000000100000000)
  eden space 25600K, 100% used [0x00000000d5580000,0x00000000d6e80000,0x00000000d6e80000)
  from space 4096K, 0% used [0x00000000d7280000,0x00000000d7280000,0x00000000d7680000)
  to   space 4096K, 0% used [0x00000000d6e80000,0x00000000d6e80000,0x00000000d7280000)
 ParOldGen       total 68608K, used 0K [0x0000000080000000, 0x0000000084300000, 0x00000000d5580000)
  object space 68608K, 0% used [0x0000000080000000,0x0000000080000000,0x0000000084300000)
 Metaspace       used 4327K, committed 4544K, reserved 1114112K
  class space    used 472K, committed 576K, reserved 1048576K
}
Event: 1.231 GC heap after
{Heap after GC invocations=1 (full 0):
 PSYoungGen      total 29696K, used 3287K [0x00000000d5580000, 0x00000000d7680000, 0x0000000100000000)
  eden space 25600K, 0% used [0x00000000d5580000,0x00000000d5580000,0x00000000d6e80000)
  from space 4096K, 80% used [0x00000000d6e80000,0x00000000d71b5e88,0x00000000d7280000)
  to   space 4096K, 0% used [0x00000000d7280000,0x00000000d7280000,0x00000000d7680000)
 ParOldGen       total 68608K, used 16K [0x0000000080000000, 0x0000000084300000, 0x00000000d5580000)
  object space 68608K, 0% used [0x0000000080000000,0x0000000080004000,0x0000000084300000)
 Metaspace       used 4327K, committed 4544K, reserved 1114112K
  class space    used 472K, committed 576K, reserved 1048576K
}
Event: 2.097 GC heap before
{Heap before GC invocations=2 (full 0):
 PSYoungGen      total 29696K, used 28887K [0x00000000d5580000, 0x00000000d7680000, 0x0000000100000000)
  eden space 25600K, 100% used [0x00000000d5580000,0x00000000d6e80000,0x00000000d6e80000)
  from space 4096K, 80% used [0x00000000d6e80000,0x00000000d71b5e88,0x00000000d7280000)
  to   space 4096K, 0% used [0x00000000d7280000,0x00000000d7280000,0x00000000d7680000)
 ParOldGen       total 68608K, used 16K [0x0000000080000000, 0x0000000084300000, 0x00000000d5580000)
  object space 68608K, 0% used [0x0000000080000000,0x0000000080004000,0x0000000084300000)
 Metaspace       used 8236K, committed 8512K, reserved 1114112K
  class space    used 879K, committed 1024K, reserved 1048576K
}
Event: 2.108 GC heap after
{Heap after GC invocations=2 (full 0):
 PSYoungGen      total 29696K, used 4070K [0x00000000d5580000, 0x00000000d7680000, 0x0000000100000000)
  eden space 25600K, 0% used [0x00000000d5580000,0x00000000d5580000,0x00000000d6e80000)
  from space 4096K, 99% used [0x00000000d7280000,0x00000000d7679800,0x00000000d7680000)
  to   space 4096K, 0% used [0x00000000d6e80000,0x00000000d6e80000,0x00000000d7280000)
 ParOldGen       total 68608K, used 907K [0x0000000080000000, 0x0000000084300000, 0x00000000d5580000)
  object space 68608K, 1% used [0x0000000080000000,0x00000000800e2f00,0x0000000084300000)
 Metaspace       used 8236K, committed 8512K, reserved 1114112K
  class space    used 879K, committed 1024K, reserved 1048576K
}
Event: 4.500 GC heap before
{Heap before GC invocations=3 (full 0):
 PSYoungGen      total 29696K, used 29623K [0x00000000d5580000, 0x00000000d7680000, 0x0000000100000000)
  eden space 25600K, 99% used [0x00000000d5580000,0x00000000d6e747e0,0x00000000d6e80000)
  from space 4096K, 99% used [0x00000000d7280000,0x00000000d7679800,0x00000000d7680000)
  to   space 4096K, 0% used [0x00000000d6e80000,0x00000000d6e80000,0x00000000d7280000)
 ParOldGen       total 68608K, used 907K [0x0000000080000000, 0x0000000084300000, 0x00000000d5580000)
  object space 68608K, 1% used [0x0000000080000000,0x00000000800e2f00,0x0000000084300000)
 Metaspace       used 13017K, committed 13568K, reserved 1114112K
  class space    used 1382K, committed 1664K, reserved 1048576K
}
Event: 4.510 GC heap after
{Heap after GC invocations=3 (full 0):
 PSYoungGen      total 29696K, used 4073K [0x00000000d5580000, 0x00000000d7680000, 0x0000000100000000)
  eden space 25600K, 0% used [0x00000000d5580000,0x00000000d5580000,0x00000000d6e80000)
  from space 4096K, 99% used [0x00000000d6e80000,0x00000000d727a710,0x00000000d7280000)
  to   space 4096K, 0% used [0x00000000d7280000,0x00000000d7280000,0x00000000d7680000)
 ParOldGen       total 68608K, used 2794K [0x0000000080000000, 0x0000000084300000, 0x00000000d5580000)
  object space 68608K, 4% used [0x0000000080000000,0x00000000802ba918,0x0000000084300000)
 Metaspace       used 13017K, committed 13568K, reserved 1114112K
  class space    used 1382K, committed 1664K, reserved 1048576K
}
Event: 5.271 GC heap before
{Heap before GC invocations=4 (full 0):
 PSYoungGen      total 29696K, used 29621K [0x00000000d5580000, 0x00000000d7680000, 0x0000000100000000)
  eden space 25600K, 99% used [0x00000000d5580000,0x00000000d6e73090,0x00000000d6e80000)
  from space 4096K, 99% used [0x00000000d6e80000,0x00000000d727a710,0x00000000d7280000)
  to   space 4096K, 0% used [0x00000000d7280000,0x00000000d7280000,0x00000000d7680000)
 ParOldGen       total 68608K, used 2794K [0x0000000080000000, 0x0000000084300000, 0x00000000d5580000)
  object space 68608K, 4% used [0x0000000080000000,0x00000000802ba918,0x0000000084300000)
 Metaspace       used 15896K, committed 16512K, reserved 1114112K
  class space    used 1654K, committed 1920K, reserved 1048576K
}
Event: 5.279 GC heap after
{Heap after GC invocations=4 (full 0):
 PSYoungGen      total 29696K, used 4088K [0x00000000d5580000, 0x00000000d7680000, 0x0000000100000000)
  eden space 25600K, 0% used [0x00000000d5580000,0x00000000d5580000,0x00000000d6e80000)
  from space 4096K, 99% used [0x00000000d7280000,0x00000000d767e180,0x00000000d7680000)
  to   space 4096K, 0% used [0x00000000d6e80000,0x00000000d6e80000,0x00000000d7280000)
 ParOldGen       total 68608K, used 5519K [0x0000000080000000, 0x0000000084300000, 0x00000000d5580000)
  object space 68608K, 8% used [0x0000000080000000,0x0000000080563d08,0x0000000084300000)
 Metaspace       used 15896K, committed 16512K, reserved 1114112K
  class space    used 1654K, committed 1920K, reserved 1048576K
}
Event: 7.942 GC heap before
{Heap before GC invocations=5 (full 0):
 PSYoungGen      total 29696K, used 29330K [0x00000000d5580000, 0x00000000d7680000, 0x0000000100000000)
  eden space 25600K, 98% used [0x00000000d5580000,0x00000000d6e26928,0x00000000d6e80000)
  from space 4096K, 99% used [0x00000000d7280000,0x00000000d767e180,0x00000000d7680000)
  to   space 4096K, 0% used [0x00000000d6e80000,0x00000000d6e80000,0x00000000d7280000)
 ParOldGen       total 68608K, used 5519K [0x0000000080000000, 0x0000000084300000, 0x00000000d5580000)
  object space 68608K, 8% used [0x0000000080000000,0x0000000080563d08,0x0000000084300000)
 Metaspace       used 20093K, committed 20672K, reserved 1114112K
  class space    used 1961K, committed 2240K, reserved 1048576K
}
Event: 8.950 GC heap after
{Heap after GC invocations=5 (full 0):
 PSYoungGen      total 29184K, used 4077K [0x00000000d5580000, 0x00000000d7900000, 0x0000000100000000)
  eden space 25088K, 0% used [0x00000000d5580000,0x00000000d5580000,0x00000000d6e00000)
  from space 4096K, 99% used [0x00000000d6e80000,0x00000000d727b610,0x00000000d7280000)
  to   space 5632K, 0% used [0x00000000d7380000,0x00000000d7380000,0x00000000d7900000)
 ParOldGen       total 68608K, used 6105K [0x0000000080000000, 0x0000000084300000, 0x00000000d5580000)
  object space 68608K, 8% used [0x0000000080000000,0x00000000805f6668,0x0000000084300000)
 Metaspace       used 20093K, committed 20672K, reserved 1114112K
  class space    used 1961K, committed 2240K, reserved 1048576K
}

Dll operation events (9 events):
Event: 0.058 Loaded shared library c:\Users\User\.vscode\extensions\redhat.java-1.50.0-win32-x64\jre\21.0.9-win32-x86_64\bin\java.dll
Event: 0.211 Loaded shared library c:\Users\User\.vscode\extensions\redhat.java-1.50.0-win32-x64\jre\21.0.9-win32-x86_64\bin\zip.dll
Event: 0.245 Loaded shared library C:\Users\User\.vscode\extensions\redhat.java-1.50.0-win32-x64\jre\21.0.9-win32-x86_64\bin\instrument.dll
Event: 0.252 Loaded shared library C:\Users\User\.vscode\extensions\redhat.java-1.50.0-win32-x64\jre\21.0.9-win32-x86_64\bin\net.dll
Event: 0.255 Loaded shared library C:\Users\User\.vscode\extensions\redhat.java-1.50.0-win32-x64\jre\21.0.9-win32-x86_64\bin\nio.dll
Event: 0.259 Loaded shared library C:\Users\User\.vscode\extensions\redhat.java-1.50.0-win32-x64\jre\21.0.9-win32-x86_64\bin\zip.dll
Event: 0.282 Loaded shared library C:\Users\User\.vscode\extensions\redhat.java-1.50.0-win32-x64\jre\21.0.9-win32-x86_64\bin\jimage.dll
Event: 0.409 Loaded shared library c:\Users\User\.vscode\extensions\redhat.java-1.50.0-win32-x64\jre\21.0.9-win32-x86_64\bin\verify.dll
Event: 2.000 Loaded shared library C:\Users\User\AppData\Roaming\Code\User\globalStorage\redhat.java\1.50.0\config_ss_win\org.eclipse.equinox.launcher\org.eclipse.equinox.launcher.win32.win32.x86_64_1.2.1400.v20250801-0854\eclipse_11916.dll

Deoptimization events (20 events):
Event: 5.300 Thread 0x000001fff10a74e0 DEOPT PACKING pc=0x000001ff9de4eecc sp=0x0000009dbc9ef050
Event: 5.300 Thread 0x000001fff10a74e0 DEOPT UNPACKING pc=0x000001ff9d806da2 sp=0x0000009dbc9eefc8 mode 2
Event: 5.301 Thread 0x000001fff10a74e0 Uncommon trap: trap_request=0xffffffde fr.pc=0x000001ff9de4eecc relative=0x000000000000012c
Event: 5.301 Thread 0x000001fff10a74e0 Uncommon trap: reason=class_check action=maybe_recompile pc=0x000001ff9de4eecc method=jdk.internal.misc.Unsafe.allocateUninitializedArray(Ljava/lang/Class;I)Ljava/lang/Object; @ 51 c2
Event: 5.301 Thread 0x000001fff10a74e0 DEOPT PACKING pc=0x000001ff9de4eecc sp=0x0000009dbc9ef050
Event: 5.301 Thread 0x000001fff10a74e0 DEOPT UNPACKING pc=0x000001ff9d806da2 sp=0x0000009dbc9eefc8 mode 2
Event: 5.758 Thread 0x000001fff10a74e0 Uncommon trap: trap_request=0xffffff45 fr.pc=0x000001ff9de58ba4 relative=0x0000000000000184
Event: 5.758 Thread 0x000001fff10a74e0 Uncommon trap: reason=unstable_if action=reinterpret pc=0x000001ff9de58ba4 method=org.lombokweb.asm.ByteVector.putByteArray([BII)Lorg/lombokweb/asm/ByteVector; @ 20 c2
Event: 5.758 Thread 0x000001fff10a74e0 DEOPT PACKING pc=0x000001ff9de58ba4 sp=0x0000009dbc9f2670
Event: 5.758 Thread 0x000001fff10a74e0 DEOPT UNPACKING pc=0x000001ff9d806da2 sp=0x0000009dbc9f2640 mode 2
Event: 5.758 Thread 0x000001fff10a74e0 Uncommon trap: trap_request=0xffffff45 fr.pc=0x000001ff9de57c24 relative=0x0000000000000364
Event: 5.758 Thread 0x000001fff10a74e0 Uncommon trap: reason=unstable_if action=reinterpret pc=0x000001ff9de57c24 method=org.lombokweb.asm.Label.resolve([BLorg/lombokweb/asm/ByteVector;I)Z @ 81 c2
Event: 5.758 Thread 0x000001fff10a74e0 DEOPT PACKING pc=0x000001ff9de57c24 sp=0x0000009dbc9f2700
Event: 5.758 Thread 0x000001fff10a74e0 DEOPT UNPACKING pc=0x000001ff9d806da2 sp=0x0000009dbc9f2608 mode 2
Event: 5.807 Thread 0x000001fff10a74e0 Uncommon trap: trap_request=0xffffff6e fr.pc=0x000001ff9de59be4 relative=0x0000000000000964
Event: 5.807 Thread 0x000001fff10a74e0 Uncommon trap: reason=loop_limit_check action=maybe_recompile pc=0x000001ff9de59be4 method=java.util.regex.Pattern$StartS.match(Ljava/util/regex/Matcher;ILjava/lang/CharSequence;)Z @ 34 c2
Event: 5.807 Thread 0x000001fff10a74e0 DEOPT PACKING pc=0x000001ff9de59be4 sp=0x0000009dbc9f2650
Event: 5.807 Thread 0x000001fff10a74e0 DEOPT UNPACKING pc=0x000001ff9d806da2 sp=0x0000009dbc9f25c0 mode 2
Event: 5.881 Thread 0x000001fff10a74e0 DEOPT PACKING pc=0x000001ff963c2e39 sp=0x0000009dbc9f5410
Event: 5.881 Thread 0x000001fff10a74e0 DEOPT UNPACKING pc=0x000001ff9d8078e2 sp=0x0000009dbc9f4910 mode 0

Classes loaded (20 events):
Event: 5.102 Loading class java/util/zip/GZIPInputStream
Event: 5.103 Loading class java/util/zip/GZIPInputStream done
Event: 5.130 Loading class java/io/StringReader
Event: 5.130 Loading class java/io/StringReader done
Event: 5.157 Loading class java/net/SocketTimeoutException
Event: 5.157 Loading class java/io/InterruptedIOException
Event: 5.157 Loading class java/io/InterruptedIOException done
Event: 5.157 Loading class java/net/SocketTimeoutException done
Event: 5.157 Loading class java/net/SocketException
Event: 5.157 Loading class java/net/SocketException done
Event: 5.157 Loading class java/net/UnknownHostException
Event: 5.157 Loading class java/net/UnknownHostException done
Event: 5.157 Loading class java/net/ProtocolException
Event: 5.157 Loading class java/net/ProtocolException done
Event: 5.191 Loading class java/lang/ThreadLocal$SuppliedThreadLocal
Event: 5.191 Loading class java/lang/ThreadLocal$SuppliedThreadLocal done
Event: 5.198 Loading class java/io/FileWriter
Event: 5.198 Loading class java/io/FileWriter done
Event: 5.308 Loading class java/lang/NegativeArraySizeException
Event: 5.309 Loading class java/lang/NegativeArraySizeException done

Classes unloaded (0 events):
No events

Classes redefined (0 events):
No events

Internal exceptions (20 events):
Event: 4.614 Thread 0x000001fff10a74e0 Exception <a 'java/io/FileNotFoundException'{0x00000000d56f3160}> (0x00000000d56f3160) 
thrown [s\src\hotspot\share\prims\jni.cpp, line 520]
Event: 4.615 Thread 0x000001fff10a74e0 Exception <a 'java/io/FileNotFoundException'{0x00000000d56fa6b8}> (0x00000000d56fa6b8) 
thrown [s\src\hotspot\share\prims\jni.cpp, line 520]
Event: 4.877 Thread 0x000001fff10a74e0 Exception <a 'java/lang/NoSuchMethodError'{0x00000000d5c64f20}: 'java.lang.Object java.lang.invoke.DirectMethodHandle$Holder.newInvokeSpecial(java.lang.Object, java.lang.Object, java.lang.Object, java.lang.Object, java.lang.Object)'> (0x00000000d5c64f20) 
thrown [s\src\hotspot\share\interpreter\linkResolver.cpp, line 773]
Event: 4.911 Thread 0x000001fff10a74e0 Exception <a 'java/lang/NoSuchMethodError'{0x00000000d5d44550}: 'java.lang.Object java.lang.invoke.DirectMethodHandle$Holder.invokeSpecial(java.lang.Object, java.lang.Object, java.lang.Object, long, java.lang.Object)'> (0x00000000d5d44550) 
thrown [s\src\hotspot\share\interpreter\linkResolver.cpp, line 773]
Event: 4.913 Thread 0x000001fff10a74e0 Exception <a 'java/lang/NoSuchMethodError'{0x00000000d5d4bd98}: 'java.lang.Object java.lang.invoke.DirectMethodHandle$Holder.newInvokeSpecial(java.lang.Object, java.lang.Object, java.lang.Object, long)'> (0x00000000d5d4bd98) 
thrown [s\src\hotspot\share\interpreter\linkResolver.cpp, line 773]
Event: 4.915 Thread 0x000001fff10a74e0 Exception <a 'java/lang/NoSuchMethodError'{0x00000000d5d50148}: 'java.lang.Object java.lang.invoke.DirectMethodHandle$Holder.invokeSpecial(java.lang.Object, java.lang.Object, java.lang.Object, java.lang.Object, long)'> (0x00000000d5d50148) 
thrown [s\src\hotspot\share\interpreter\linkResolver.cpp, line 773]
Event: 4.918 Thread 0x000001fff10a74e0 Exception <a 'java/lang/NoSuchMethodError'{0x00000000d5d53d68}: 'java.lang.Object java.lang.invoke.Invokers$Holder.linkToTargetMethod(java.lang.Object, java.lang.Object, long, java.lang.Object)'> (0x00000000d5d53d68) 
thrown [s\src\hotspot\share\interpreter\linkResolver.cpp, line 773]
Event: 4.943 Thread 0x000001fff10a74e0 Exception <a 'java/lang/NoSuchMethodError'{0x00000000d5dc66a0}: 'int java.lang.invoke.DirectMethodHandle$Holder.invokeStaticInit(java.lang.Object, java.lang.Object, java.lang.Object)'> (0x00000000d5dc66a0) 
thrown [s\src\hotspot\share\interpreter\linkResolver.cpp, line 773]
Event: 4.975 Thread 0x000001fff10a74e0 Exception <a 'java/lang/IncompatibleClassChangeError'{0x00000000d5e5e368}: Found class java.lang.Object, but interface was expected> (0x00000000d5e5e368) 
thrown [s\src\hotspot\share\interpreter\linkResolver.cpp, line 840]
Event: 4.977 Thread 0x000001fff10a74e0 Exception <a 'java/lang/NoSuchMethodError'{0x00000000d5e61f18}: 'java.lang.Object java.lang.invoke.DirectMethodHandle$Holder.invokeSpecial(java.lang.Object, java.lang.Object, java.lang.Object, int, java.lang.Object, java.lang.Object)'> (0x00000000d5e61f18) 
thrown [s\src\hotspot\share\interpreter\linkResolver.cpp, line 773]
Event: 4.978 Thread 0x000001fff10a74e0 Exception <a 'java/lang/NoSuchMethodError'{0x00000000d5e699f0}: 'java.lang.Object java.lang.invoke.DirectMethodHandle$Holder.newInvokeSpecial(java.lang.Object, java.lang.Object, java.lang.Object, int, java.lang.Object)'> (0x00000000d5e699f0) 
thrown [s\src\hotspot\share\interpreter\linkResolver.cpp, line 773]
Event: 4.979 Thread 0x000001fff10a74e0 Exception <a 'java/lang/NoSuchMethodError'{0x00000000d5e6d970}: 'java.lang.Object java.lang.invoke.DirectMethodHandle$Holder.invokeSpecial(java.lang.Object, java.lang.Object, java.lang.Object, java.lang.Object, int, java.lang.Object)'> (0x00000000d5e6d970) 
thrown [s\src\hotspot\share\interpreter\linkResolver.cpp, line 773]
Event: 4.979 Thread 0x000001fff10a74e0 Exception <a 'java/lang/NoSuchMethodError'{0x00000000d5e714b0}: 'java.lang.Object java.lang.invoke.Invokers$Holder.linkToTargetMethod(java.lang.Object, java.lang.Object, int, java.lang.Object, java.lang.Object)'> (0x00000000d5e714b0) 
thrown [s\src\hotspot\share\interpreter\linkResolver.cpp, line 773]
Event: 4.980 Thread 0x000001fff13e6a50 Exception <a 'java/lang/NoSuchMethodError'{0x00000000d5d9fc68}: 'java.lang.Object java.lang.invoke.DirectMethodHandle$Holder.invokeSpecial(java.lang.Object, java.lang.Object, int, java.lang.Object, java.lang.Object)'> (0x00000000d5d9fc68) 
thrown [s\src\hotspot\share\interpreter\linkResolver.cpp, line 773]
Event: 4.980 Thread 0x000001fff13e6a50 Exception <a 'java/lang/NoSuchMethodError'{0x00000000d5da69a0}: 'java.lang.Object java.lang.invoke.DirectMethodHandle$Holder.newInvokeSpecial(java.lang.Object, java.lang.Object, int, java.lang.Object)'> (0x00000000d5da69a0) 
thrown [s\src\hotspot\share\interpreter\linkResolver.cpp, line 773]
Event: 4.981 Thread 0x000001fff13e6a50 Exception <a 'java/lang/NoSuchMethodError'{0x00000000d5daa280}: 'java.lang.Object java.lang.invoke.DirectMethodHandle$Holder.invokeSpecial(java.lang.Object, java.lang.Object, java.lang.Object, int, java.lang.Object)'> (0x00000000d5daa280) 
thrown [s\src\hotspot\share\interpreter\linkResolver.cpp, line 773]
Event: 5.012 Thread 0x000001fff10a74e0 Exception <a 'java/lang/NoSuchMethodError'{0x00000000d5fc41b8}: 'void java.lang.invoke.DirectMethodHandle$Holder.invokeSpecial(java.lang.Object, java.lang.Object, java.lang.Object, java.lang.Object, java.lang.Object)'> (0x00000000d5fc41b8) 
thrown [s\src\hotspot\share\interpreter\linkResolver.cpp, line 773]
Event: 5.081 Thread 0x000001fff10a74e0 Exception <a 'java/lang/NoSuchMethodError'{0x00000000d61b9f10}: 'double java.lang.invoke.DirectMethodHandle$Holder.invokeStatic(java.lang.Object, java.lang.Object)'> (0x00000000d61b9f10) 
thrown [s\src\hotspot\share\interpreter\linkResolver.cpp, line 773]
Event: 5.082 Thread 0x000001fff10a74e0 Exception <a 'java/lang/NoSuchMethodError'{0x00000000d61bd5d0}: 'double java.lang.invoke.DirectMethodHandle$Holder.invokeStaticInit(java.lang.Object, java.lang.Object)'> (0x00000000d61bd5d0) 
thrown [s\src\hotspot\share\interpreter\linkResolver.cpp, line 773]
Event: 5.758 Thread 0x000001fff10a74e0 Implicit null exception at 0x000001ff9de58a75 to 0x000001ff9de58b88

ZGC Phase Switch (0 events):
No events

VM Operations (20 events):
Event: 4.500 Executing VM operation: ParallelGCFailedAllocation (Allocation Failure)
Event: 4.510 Executing VM operation: ParallelGCFailedAllocation (Allocation Failure) done
Event: 4.659 Executing VM operation: HandshakeAllThreads (Deoptimize)
Event: 4.659 Executing VM operation: HandshakeAllThreads (Deoptimize) done
Event: 4.677 Executing VM operation: HandshakeAllThreads (Deoptimize)
Event: 4.677 Executing VM operation: HandshakeAllThreads (Deoptimize) done
Event: 4.718 Executing VM operation: HandshakeAllThreads (Deoptimize)
Event: 4.718 Executing VM operation: HandshakeAllThreads (Deoptimize) done
Event: 5.271 Executing VM operation: ParallelGCFailedAllocation (Allocation Failure)
Event: 5.279 Executing VM operation: ParallelGCFailedAllocation (Allocation Failure) done
Event: 6.279 Executing VM operation: Cleanup
Event: 6.920 Executing VM operation: Cleanup done
Event: 7.935 Executing VM operation: Cleanup
Event: 7.936 Executing VM operation: Cleanup done
Event: 7.942 Executing VM operation: ParallelGCFailedAllocation (Allocation Failure)
Event: 8.950 Executing VM operation: ParallelGCFailedAllocation (Allocation Failure) done
Event: 9.951 Executing VM operation: Cleanup
Event: 9.951 Executing VM operation: Cleanup done
Event: 10.966 Executing VM operation: Cleanup
Event: 10.966 Executing VM operation: Cleanup done

Memory protections (0 events):
No events

Nmethod flushes (0 events):
No events

Events (20 events):
Event: 0.128 Thread 0x000001ff93084dd0 Thread added: 0x000001ff930151a0
Event: 0.225 Thread 0x000001ff930151a0 Thread added: 0x000001ff93015870
Event: 0.248 Thread 0x000001ff93084dd0 Thread added: 0x000001ffec51bbf0
Event: 0.557 Thread 0x000001ff93084dd0 Thread added: 0x000001ffec6a0520
Event: 1.667 Thread 0x000001ff93084dd0 Thread added: 0x000001ffecdc03f0
Event: 1.966 Thread 0x000001ff93084dd0 Thread added: 0x000001fff10a64f0
Event: 1.984 Thread 0x000001ff93084dd0 Thread added: 0x000001fff10a74e0
Event: 2.177 Thread 0x000001ff93015870 Thread exited: 0x000001ff93015870
Event: 2.390 Thread 0x000001fff10a74e0 Thread added: 0x000001ffec4d10d0
Event: 2.818 Thread 0x000001ff930151a0 Thread added: 0x000001ff93015870
Event: 3.218 Thread 0x000001ff93015870 Thread exited: 0x000001ff93015870
Event: 4.223 Thread 0x000001fff10a74e0 Thread added: 0x000001fff122f600
Event: 4.744 Thread 0x000001ff930151a0 Thread added: 0x000001ff93014ad0
Event: 4.930 Thread 0x000001fff10a74e0 Thread added: 0x000001fff13e6a50
Event: 4.981 Thread 0x000001fff10a74e0 Thread added: 0x000001fff13b9800
Event: 5.014 Thread 0x000001ff93014ad0 Thread exited: 0x000001ff93014ad0
Event: 6.921 Thread 0x000001ff930151a0 Thread added: 0x000001ff93014ad0
Event: 9.148 Thread 0x000001ff93014ad0 Thread exited: 0x000001ff93014ad0
Event: 9.212 Thread 0x000001ff930151a0 Thread added: 0x000001ff93013d30
Event: 11.461 Thread 0x000001ff93013d30 Thread exited: 0x000001ff93013d30


Dynamic libraries:
0x00007ff7800c0000 - 0x00007ff7800ce000 	c:\Users\User\.vscode\extensions\redhat.java-1.50.0-win32-x64\jre\21.0.9-win32-x86_64\bin\java.exe
0x00007ffcf2cc0000 - 0x00007ffcf2f28000 	C:\WINDOWS\SYSTEM32\ntdll.dll
0x00007ffcf1590000 - 0x00007ffcf1659000 	C:\WINDOWS\System32\KERNEL32.DLL
0x00007ffcf01c0000 - 0x00007ffcf05b8000 	C:\WINDOWS\System32\KERNELBASE.dll
0x00007ffcf0730000 - 0x00007ffcf087b000 	C:\WINDOWS\System32\ucrtbase.dll
0x00007ffcb4110000 - 0x00007ffcb4128000 	c:\Users\User\.vscode\extensions\redhat.java-1.50.0-win32-x64\jre\21.0.9-win32-x86_64\bin\jli.dll
0x00007ffcb30e0000 - 0x00007ffcb30fe000 	c:\Users\User\.vscode\extensions\redhat.java-1.50.0-win32-x64\jre\21.0.9-win32-x86_64\bin\VCRUNTIME140.dll
0x00007ffcf1660000 - 0x00007ffcf1827000 	C:\WINDOWS\System32\USER32.dll
0x00007ffcbf270000 - 0x00007ffcbf504000 	C:\WINDOWS\WinSxS\amd64_microsoft.windows.common-controls_6595b64144ccf1df_6.0.26100.7019_none_3e06ffa0e335b8a8\COMCTL32.dll
0x00007ffcf05c0000 - 0x00007ffcf05e7000 	C:\WINDOWS\System32\win32u.dll
0x00007ffcf0a60000 - 0x00007ffcf0a8b000 	C:\WINDOWS\System32\GDI32.dll
0x00007ffcf1e00000 - 0x00007ffcf1ea9000 	C:\WINDOWS\System32\msvcrt.dll
0x00007ffcf0880000 - 0x00007ffcf09ac000 	C:\WINDOWS\System32\gdi32full.dll
0x00007ffcf05f0000 - 0x00007ffcf0693000 	C:\WINDOWS\System32\msvcp_win.dll
0x00007ffcf2be0000 - 0x00007ffcf2c11000 	C:\WINDOWS\System32\IMM32.DLL
0x00007ffcbbb00000 - 0x00007ffcbbb0c000 	c:\Users\User\.vscode\extensions\redhat.java-1.50.0-win32-x64\jre\21.0.9-win32-x86_64\bin\vcruntime140_1.dll
0x00007ffc99d70000 - 0x00007ffc99dfd000 	c:\Users\User\.vscode\extensions\redhat.java-1.50.0-win32-x64\jre\21.0.9-win32-x86_64\bin\msvcp140.dll
0x00007ffc2b220000 - 0x00007ffc2bfc0000 	c:\Users\User\.vscode\extensions\redhat.java-1.50.0-win32-x64\jre\21.0.9-win32-x86_64\bin\server\jvm.dll
0x00007ffcf0c80000 - 0x00007ffcf0d34000 	C:\WINDOWS\System32\ADVAPI32.dll
0x00007ffcf1050000 - 0x00007ffcf10f6000 	C:\WINDOWS\System32\sechost.dll
0x00007ffcf1f40000 - 0x00007ffcf2058000 	C:\WINDOWS\System32\RPCRT4.dll
0x00007ffcf18f0000 - 0x00007ffcf1964000 	C:\WINDOWS\System32\WS2_32.dll
0x00007ffcefc70000 - 0x00007ffcefcce000 	C:\WINDOWS\SYSTEM32\POWRPROF.dll
0x00007ffcc4950000 - 0x00007ffcc4985000 	C:\WINDOWS\SYSTEM32\WINMM.dll
0x00007ffce2950000 - 0x00007ffce295b000 	C:\WINDOWS\SYSTEM32\VERSION.dll
0x00007ffcefc50000 - 0x00007ffcefc64000 	C:\WINDOWS\SYSTEM32\UMPDC.dll
0x00007ffceeb90000 - 0x00007ffceebab000 	C:\WINDOWS\SYSTEM32\kernel.appcore.dll
0x00007ffcb4480000 - 0x00007ffcb448a000 	c:\Users\User\.vscode\extensions\redhat.java-1.50.0-win32-x64\jre\21.0.9-win32-x86_64\bin\jimage.dll
0x00007ffced500000 - 0x00007ffced742000 	C:\WINDOWS\SYSTEM32\DBGHELP.DLL
0x00007ffcf1100000 - 0x00007ffcf148b000 	C:\WINDOWS\System32\combase.dll
0x00007ffcf0d50000 - 0x00007ffcf0e27000 	C:\WINDOWS\System32\OLEAUT32.dll
0x00007ffcd9dc0000 - 0x00007ffcd9dfc000 	C:\WINDOWS\SYSTEM32\dbgcore.DLL
0x00007ffcf09b0000 - 0x00007ffcf0a55000 	C:\WINDOWS\System32\bcryptPrimitives.dll
0x00007ffce6c50000 - 0x00007ffce6c5f000 	c:\Users\User\.vscode\extensions\redhat.java-1.50.0-win32-x64\jre\21.0.9-win32-x86_64\bin\instrument.dll
0x00007ffcaae00000 - 0x00007ffcaae20000 	c:\Users\User\.vscode\extensions\redhat.java-1.50.0-win32-x64\jre\21.0.9-win32-x86_64\bin\java.dll
0x00007ffcf2060000 - 0x00007ffcf27af000 	C:\WINDOWS\System32\SHELL32.dll
0x00007ffceff90000 - 0x00007ffcf00fb000 	C:\WINDOWS\System32\wintypes.dll
0x00007ffced9f0000 - 0x00007ffcee24d000 	C:\WINDOWS\SYSTEM32\windows.storage.dll
0x00007ffcf1490000 - 0x00007ffcf1582000 	C:\WINDOWS\System32\SHCORE.dll
0x00007ffcf0a90000 - 0x00007ffcf0af7000 	C:\WINDOWS\System32\shlwapi.dll
0x00007ffcefd30000 - 0x00007ffcefd59000 	C:\WINDOWS\SYSTEM32\profapi.dll
0x00007ffcaab70000 - 0x00007ffcaab88000 	c:\Users\User\.vscode\extensions\redhat.java-1.50.0-win32-x64\jre\21.0.9-win32-x86_64\bin\zip.dll
0x00007ffcb42f0000 - 0x00007ffcb4300000 	C:\Users\User\.vscode\extensions\redhat.java-1.50.0-win32-x64\jre\21.0.9-win32-x86_64\bin\net.dll
0x00007ffce7090000 - 0x00007ffce71b8000 	C:\WINDOWS\SYSTEM32\WINHTTP.dll
0x00007ffcef0e0000 - 0x00007ffcef14b000 	C:\WINDOWS\system32\mswsock.dll
0x00007ffcaaa90000 - 0x00007ffcaaaa6000 	C:\Users\User\.vscode\extensions\redhat.java-1.50.0-win32-x64\jre\21.0.9-win32-x86_64\bin\nio.dll
0x00007ffce6510000 - 0x00007ffce6520000 	c:\Users\User\.vscode\extensions\redhat.java-1.50.0-win32-x64\jre\21.0.9-win32-x86_64\bin\verify.dll
0x00007ffcb4590000 - 0x00007ffcb45d4000 	C:\Users\User\AppData\Roaming\Code\User\globalStorage\redhat.java\1.50.0\config_ss_win\org.eclipse.equinox.launcher\org.eclipse.equinox.launcher.win32.win32.x86_64_1.2.1400.v20250801-0854\eclipse_11916.dll
0x00007ffcf0eb0000 - 0x00007ffcf1047000 	C:\WINDOWS\System32\ole32.dll

JVMTI agents:
c:\Users\User\.vscode\extensions\redhat.java-1.50.0-win32-x64\lombok\lombok-1.18.39-4050.jar path:c:\Users\User\.vscode\extensions\redhat.java-1.50.0-win32-x64\jre\21.0.9-win32-x86_64\bin\instrument.dll, loaded, initialized, instrumentlib options:none

dbghelp: loaded successfully - version: 4.0.5 - missing functions: none
symbol engine: initialized successfully - sym options: 0x614 - pdb path: .;c:\Users\User\.vscode\extensions\redhat.java-1.50.0-win32-x64\jre\21.0.9-win32-x86_64\bin;C:\WINDOWS\SYSTEM32;C:\WINDOWS\WinSxS\amd64_microsoft.windows.common-controls_6595b64144ccf1df_6.0.26100.7019_none_3e06ffa0e335b8a8;c:\Users\User\.vscode\extensions\redhat.java-1.50.0-win32-x64\jre\21.0.9-win32-x86_64\bin\server;C:\Users\User\AppData\Roaming\Code\User\globalStorage\redhat.java\1.50.0\config_ss_win\org.eclipse.equinox.launcher\org.eclipse.equinox.launcher.win32.win32.x86_64_1.2.1400.v20250801-0854

VM Arguments:
jvm_args: --add-modules=ALL-SYSTEM --add-opens=java.base/java.util=ALL-UNNAMED --add-opens=java.base/java.lang=ALL-UNNAMED --add-opens=java.base/sun.nio.fs=ALL-UNNAMED -Declipse.application=org.eclipse.jdt.ls.core.id1 -Dosgi.bundles.defaultStartLevel=4 -Declipse.product=org.eclipse.jdt.ls.core.product -Djava.import.generatesMetadataFilesAtProjectRoot=false -DDetectVMInstallationsJob.disabled=true -Dfile.encoding=utf8 -XX:+UseParallelGC -XX:GCTimeRatio=4 -XX:AdaptiveSizePolicyWeight=90 -Dsun.zip.disableMemoryMapping=true -Xmx2G -Xms100m -Xlog:disable -javaagent:c:\Users\User\.vscode\extensions\redhat.java-1.50.0-win32-x64\lombok\lombok-1.18.39-4050.jar 
java_command: c:\Users\User\.vscode\extensions\redhat.java-1.50.0-win32-x64\server\plugins\org.eclipse.equinox.launcher_1.7.100.v20251111-0406.jar -configuration c:\Users\User\AppData\Roaming\Code\User\globalStorage\redhat.java\1.50.0\config_ss_win -data c:\Users\User\AppData\Roaming\Code\User\workspaceStorage\46e6670c960beda67469710289a0fed9\redhat.java\ss_ws --pipe=\\.\pipe\lsp-5b4a1a6aa86a1825a15bc7c1f769154b-sock
java_class_path (initial): c:\Users\User\.vscode\extensions\redhat.java-1.50.0-win32-x64\server\plugins\org.eclipse.equinox.launcher_1.7.100.v20251111-0406.jar
Launcher Type: SUN_STANDARD

[Global flags]
    uintx AdaptiveSizePolicyWeight                 = 90                                        {product} {command line}
     intx CICompilerCount                          = 4                                         {product} {ergonomic}
    uintx GCTimeRatio                              = 4                                         {product} {command line}
   size_t InitialHeapSize                          = 104857600                                 {product} {command line}
   size_t MaxHeapSize                              = 2147483648                                {product} {command line}
   size_t MaxNewSize                               = 715653120                                 {product} {ergonomic}
   size_t MinHeapDeltaBytes                        = 524288                                    {product} {ergonomic}
   size_t MinHeapSize                              = 104857600                                 {product} {command line}
   size_t NewSize                                  = 34603008                                  {product} {ergonomic}
    uintx NonNMethodCodeHeapSize                   = 5839372                                {pd product} {ergonomic}
    uintx NonProfiledCodeHeapSize                  = 122909434                              {pd product} {ergonomic}
   size_t OldSize                                  = 70254592                                  {product} {ergonomic}
    uintx ProfiledCodeHeapSize                     = 122909434                              {pd product} {ergonomic}
    uintx ReservedCodeCacheSize                    = 251658240                              {pd product} {ergonomic}
     bool SegmentedCodeCache                       = true                                      {product} {ergonomic}
   size_t SoftMaxHeapSize                          = 2147483648                             {manageable} {ergonomic}
     bool UseCompressedOops                        = true                           {product lp64_product} {ergonomic}
     bool UseLargePagesIndividualAllocation        = false                                  {pd product} {ergonomic}
     bool UseParallelGC                            = true                                      {product} {command line}

Logging:
Log output configuration:
 #0: stdout all=off uptime,level,tags foldmultilines=false
 #1: stderr all=off uptime,level,tags foldmultilines=false

Release file:
JAVA_VERSION="21.0.9" 
MODULES="java.base java.compiler java.datatransfer java.xml java.prefs java.desktop java.instrument java.logging java.management java.security.sasl java.naming java.rmi java.management.rmi java.net.http java.scripting java.security.jgss java.transaction.xa java.sql java.sql.rowset java.xml.crypto java.se java.smartcardio jdk.accessibility jdk.internal.jvmstat jdk.attach jdk.charsets jdk.internal.opt jdk.zipfs jdk.compiler jdk.crypto.ec jdk.crypto.cryptoki jdk.crypto.mscapi jdk.dynalink jdk.internal.ed jdk.editpad jdk.hotspot.agent jdk.httpserver jdk.internal.le jdk.internal.vm.ci jdk.internal.vm.compiler jdk.internal.vm.compiler.management jdk.jartool jdk.javadoc jdk.jcmd jdk.management jdk.management.agent jdk.jconsole jdk.jdeps jdk.jdwp.agent jdk.jdi jdk.jfr jdk.jshell jdk.jsobject jdk.jstatd jdk.localedata jdk.management.jfr jdk.naming.dns jdk.naming.rmi jdk.net jdk.nio.mapmode jdk.random jdk.sctp jdk.security.auth jdk.security.jgss jdk.unsupported jdk.unsupported.desktop jdk.xml.dom" 

Environment Variables:
PATH=C:\Program Files (x86)\Labcenter Electronics\Proteus 8 Professional\BIN;D:\Softwares\Proteus 8 Professional\Tools\WinAVR-20100110\bin;D:\Softwares\Proteus 8 Professional\Tools\WinAVR-20100110\utils\bin;C:\Program Files (x86)\Atmel\AVR Tools\AVR Toolchain\bin;D:\Softwares\COMSOL\COMSOL63\Multiphysics\bin\win64;C:\Snort\bin;C:\Program Files\OpenLogic\jdk-11.0.27.6-hotspot\bin;C:\Program Files\Common Files\Oracle\Java\javapath;C:\Program Files (x86)\Common Files\Intel\Shared Libraries\redist\intel64\compiler;C:\WINDOWS\system32;C:\WINDOWS;C:\WINDOWS\System32\Wbem;C:\WINDOWS\System32\WindowsPowerShell\v1.0\;C:\WINDOWS\System32\OpenSSH\;C:\Program Files\Microsoft SQL Server\150\Tools\Binn\;D:\Softwares\MatLB\runtime\win64;D:\Softwares\MatLB\bin;C:\Program Files\Git\cmd;D:\Dev\flutter\bin;C:\Program Files\Microchip\xc8\v3.00\bin;D:\Softwares\Putty\;C:\Program Files\dotnet\;C:\Program Files (x86)\CODESYS\APInstaller\;C:\Users\User\AppData\Local\nvm;C:\nvm4w\nodejs;C:\Program Files (x86)\Labcenter Electronics\Proteus 8 Professional\BIN;C:\Program Files\Microchip\xc8\v3.00\bin;C:\Program Files (x86)\Atmel\AVR Tools\AVR Toolchain\bin;D:\Softwares\COMSOL\COMSOL63\Multiphysics\bin\win64;C:\Snort\bin;D:\Softwares\Metasploit\metasploit-framework\bin\;C:\Users\User\AppData\Local\Programs\Python\Python313\Scripts\;C:\Users\User\AppData\Local\Programs\Python\Python313\;D:\Dev\flutter\bin;C:\Program Files\Common Files\Oracle\Java\javapath;C:\Program Files (x86)\Common Files\Intel\Shared Libraries\redist\intel64\compiler;C:\WINDOWS\system32;C:\WINDOWS;C:\WINDOWS\System32\Wbem;C:\WINDOWS\System32\WindowsPowerShell\v1.0\;C:\WINDOWS\System32\OpenSSH\;C:\Program Files\PuTTY\;C:\Program Files\Microsoft SQL Server\150\Tools\Binn\;D:\Softwares\MatLB\runtime\win64;D:\Softwares\MatLB\bin;C:\Program Files\Git\cmd;C:\Program Files\nodejs\;C:\Program Files\OpenLogic\jdk-11.0.27.6-hotspot\bin;D:\Softwares\Microsoft VS Code\bin;C:\Users\User\nginx-1.29.3\nginx;C:\Users\User\AppData\Local\nvm;C:\nvm4w\nodejs
USERNAME=User
OS=Windows_NT
PROCESSOR_IDENTIFIER=Intel64 Family 6 Model 140 Stepping 1, GenuineIntel
TMP=C:\Users\User\AppData\Local\Temp
TEMP=C:\Users\User\AppData\Local\Temp




Periodic native trim disabled

---------------  S Y S T E M  ---------------

OS:
 Windows 11 , 64 bit Build 26100 (10.0.26100.7019)
OS uptime: 6 days 13:33 hours
Hyper-V role detected

CPU: total 8 (initial active 8) (4 cores per cpu, 2 threads per core) family 6 model 140 stepping 1 microcode 0x8a, cx8, cmov, fxsr, ht, mmx, 3dnowpref, sse, sse2, sse3, ssse3, sse4.1, sse4.2, popcnt, lzcnt, tsc, tscinvbit, avx, avx2, aes, erms, clmul, bmi1, bmi2, adx, avx512f, avx512dq, avx512cd, avx512bw, avx512vl, sha, fma, vzeroupper, avx512_vpopcntdq, avx512_vpclmulqdq, avx512_vaes, avx512_vnni, clflush, clflushopt, clwb, avx512_vbmi2, avx512_vbmi, hv, rdtscp, rdpid, fsrm, gfni, avx512_bitalg, f16c, cet_ibt, cet_ss, avx512_ifma
Processor Information for the first 8 processors :
  Max Mhz: 2419, Current Mhz: 2419, Mhz Limit: 2419

Memory: 4k page, system-wide physical 7971M (455M free)
TotalPageFile size 23115M (AvailPageFile size 11M)
current process WorkingSet (physical memory assigned to process): 137M, peak: 145M
current process commit charge ("private bytes"): 278M, peak: 289M

vm_info: OpenJDK 64-Bit Server VM (21.0.9+10-LTS) for windows-amd64 JRE (21.0.9+10-LTS), built on 2025-10-21T00:00:00Z by "admin" with unknown MS VC++:1942

END.
