#
# There is insufficient memory for the Java Runtime Environment to continue.
# Native memory allocation (malloc) failed to allocate 1812016 bytes. Error detail: Chunk::new
# Possible reasons:
#   The system is out of physical RAM or swap space
#   This process is running with CompressedOops enabled, and the Java Heap may be blocking the growth of the native heap
# Possible solutions:
#   Reduce memory load on the system
#   Increase physical memory or swap space
#   Check if swap backing store is full
#   Decrease Java heap size (-Xmx/-Xms)
#   Decrease number of Java threads
#   Decrease Java thread stack sizes (-Xss)
#   Set larger code cache with -XX:ReservedCodeCacheSize=
#   JVM is running with Unscaled Compressed Oops mode in which the Java heap is
#     placed in the first 4GB address space. The Java Heap base address is the
#     maximum limit for the native heap growth. Please use -XX:HeapBaseMinAddress
#     to set the Java Heap base and to place the Java Heap above 4GB virtual address.
# This output file may be truncated or incomplete.
#
#  Out of Memory Error (arena.cpp:168), pid=28832, tid=2420
#
# JRE version: OpenJDK Runtime Environment Temurin-21.0.9+10 (21.0.9+10) (build 21.0.9+10-LTS)
# Java VM: OpenJDK 64-Bit Server VM Temurin-21.0.9+10 (21.0.9+10-LTS, mixed mode, sharing, tiered, compressed oops, compressed class ptrs, parallel gc, windows-amd64)
# No core dump will be written. Minidumps are not enabled by default on client versions of Windows
#

---------------  S U M M A R Y ------------

Command Line: --add-modules=ALL-SYSTEM --add-opens=java.base/java.util=ALL-UNNAMED --add-opens=java.base/java.lang=ALL-UNNAMED --add-opens=java.base/sun.nio.fs=ALL-UNNAMED -Declipse.application=org.eclipse.jdt.ls.core.id1 -Dosgi.bundles.defaultStartLevel=4 -Declipse.product=org.eclipse.jdt.ls.core.product -Djava.import.generatesMetadataFilesAtProjectRoot=false -DDetectVMInstallationsJob.disabled=true -Dfile.encoding=utf8 -XX:+UseParallelGC -XX:GCTimeRatio=4 -XX:AdaptiveSizePolicyWeight=90 -Dsun.zip.disableMemoryMapping=true -Xmx2G -Xms100m -Xlog:disable -javaagent:c:\Users\User\.vscode\extensions\redhat.java-1.50.0-win32-x64\lombok\lombok-1.18.39-4050.jar -XX:+HeapDumpOnOutOfMemoryError -XX:HeapDumpPath=c:\Users\User\AppData\Roaming\Code\User\workspaceStorage\46e6670c960beda67469710289a0fed9\redhat.java -Daether.dependencyCollector.impl=bf c:\Users\User\.vscode\extensions\redhat.java-1.50.0-win32-x64\server\plugins\org.eclipse.equinox.launcher_1.7.100.v20251111-0406.jar -configuration c:\Users\User\AppData\Roaming\Code\User\globalStorage\redhat.java\1.50.0\config_win -data c:\Users\User\AppData\Roaming\Code\User\workspaceStorage\46e6670c960beda67469710289a0fed9\redhat.java\jdt_ws --pipe=\\.\pipe\lsp-c15a375902ce994ece716e51b507cdb6-sock

Host: 11th Gen Intel(R) Core(TM) i5-1135G7 @ 2.40GHz, 8 cores, 7G,  Windows 11 , 64 bit Build 26100 (10.0.26100.7019)
Time: Fri Dec  5 00:53:50 2025 Sri Lanka Standard Time elapsed time: 15.885023 seconds (0d 0h 0m 15s)

---------------  T H R E A D  ---------------

Current thread (0x000001eef6e1d990):  JavaThread "C2 CompilerThread0" daemon [_thread_in_native, id=2420, stack(0x000000aff7b00000,0x000000aff7c00000) (1024K)]


Current CompileTask:
C2:15885 4656   !   4       org.eclipse.osgi.internal.loader.classpath.ClasspathManager::defineClass (636 bytes)

Stack: [0x000000aff7b00000,0x000000aff7c00000]
Native frames: (J=compiled Java code, j=interpreted, Vv=VM code, C=native code)
V  [jvm.dll+0x6d6e29]
V  [jvm.dll+0x8b4b76]
V  [jvm.dll+0x8b712e]
V  [jvm.dll+0x8b7813]
V  [jvm.dll+0x283d86]
V  [jvm.dll+0xc66ed]
V  [jvm.dll+0xc6c31]
V  [jvm.dll+0x3be501]
V  [jvm.dll+0x38ab92]
V  [jvm.dll+0x389fda]
V  [jvm.dll+0x24bfa0]
V  [jvm.dll+0x24b580]
V  [jvm.dll+0x1cb13e]
V  [jvm.dll+0x25b29d]
V  [jvm.dll+0x25982a]
V  [jvm.dll+0x3f7ea6]
V  [jvm.dll+0x85e9ad]
V  [jvm.dll+0x6d565d]
C  [ucrtbase.dll+0x37b0]
C  [KERNEL32.DLL+0x2e8d7]
C  [ntdll.dll+0x8c53c]


---------------  P R O C E S S  ---------------

Threads class SMR info:
_java_thread_list=0x000001eefe5d0c50, length=37, elements={
0x000001eedfc43910, 0x000001eedfcfe2a0, 0x000001eef6e066c0, 0x000001eef6e0a6d0,
0x000001eef6e0cf40, 0x000001eef6e0eed0, 0x000001eef6e14b90, 0x000001eef6e1d990,
0x000001eef87d0080, 0x000001eef6e158b0, 0x000001eef6e18010, 0x000001eef6e15220,
0x000001eef6e165d0, 0x000001eef6e15f40, 0x000001eef6e17980, 0x000001eef6e16c60,
0x000001eef6e172f0, 0x000001eefd39e380, 0x000001eefd39ea10, 0x000001eefd39f730,
0x000001eefd39fdc0, 0x000001eefd39f0a0, 0x000001eefd3a0450, 0x000001eefd3a0ae0,
0x000001eefd3a1170, 0x000001eefd39dcf0, 0x000001eefd3a4c80, 0x000001eefd3a45f0,
0x000001eefd3a3f60, 0x000001eefd3a1800, 0x000001eefd3a2bb0, 0x000001eefd3a5310,
0x000001eefd3a1e90, 0x000001eefd3a2520, 0x000001eefd3a3240, 0x000001eefd3a38d0,
0x000001eefeb68da0
}

Java Threads: ( => current thread )
  0x000001eedfc43910 JavaThread "main"                              [_thread_blocked, id=5952, stack(0x000000aff7100000,0x000000aff7200000) (1024K)]
  0x000001eedfcfe2a0 JavaThread "Reference Handler"          daemon [_thread_blocked, id=7680, stack(0x000000aff7500000,0x000000aff7600000) (1024K)]
  0x000001eef6e066c0 JavaThread "Finalizer"                  daemon [_thread_blocked, id=11180, stack(0x000000aff7600000,0x000000aff7700000) (1024K)]
  0x000001eef6e0a6d0 JavaThread "Signal Dispatcher"          daemon [_thread_blocked, id=9688, stack(0x000000aff7700000,0x000000aff7800000) (1024K)]
  0x000001eef6e0cf40 JavaThread "Attach Listener"            daemon [_thread_blocked, id=1300, stack(0x000000aff7800000,0x000000aff7900000) (1024K)]
  0x000001eef6e0eed0 JavaThread "Service Thread"             daemon [_thread_blocked, id=5276, stack(0x000000aff7900000,0x000000aff7a00000) (1024K)]
  0x000001eef6e14b90 JavaThread "Monitor Deflation Thread"   daemon [_thread_blocked, id=29132, stack(0x000000aff7a00000,0x000000aff7b00000) (1024K)]
=>0x000001eef6e1d990 JavaThread "C2 CompilerThread0"         daemon [_thread_in_native, id=2420, stack(0x000000aff7b00000,0x000000aff7c00000) (1024K)]
  0x000001eef87d0080 JavaThread "C1 CompilerThread0"         daemon [_thread_blocked, id=14500, stack(0x000000aff7c00000,0x000000aff7d00000) (1024K)]
  0x000001eef6e158b0 JavaThread "Common-Cleaner"             daemon [_thread_blocked, id=22036, stack(0x000000aff7e00000,0x000000aff7f00000) (1024K)]
  0x000001eef6e18010 JavaThread "Notification Thread"        daemon [_thread_blocked, id=20488, stack(0x000000aff7f00000,0x000000aff8000000) (1024K)]
  0x000001eef6e15220 JavaThread "Active Thread: Equinox Container: 59e30c42-5413-4ed7-ab17-03385fcbe215"        [_thread_blocked, id=22556, stack(0x000000aff8600000,0x000000aff8700000) (1024K)]
  0x000001eef6e165d0 JavaThread "Refresh Thread: Equinox Container: 59e30c42-5413-4ed7-ab17-03385fcbe215" daemon [_thread_blocked, id=29648, stack(0x000000aff8700000,0x000000aff8800000) (1024K)]
  0x000001eef6e15f40 JavaThread "Framework Event Dispatcher: Equinox Container: 59e30c42-5413-4ed7-ab17-03385fcbe215" daemon [_thread_blocked, id=11296, stack(0x000000aff8900000,0x000000aff8a00000) (1024K)]
  0x000001eef6e17980 JavaThread "Start Level: Equinox Container: 59e30c42-5413-4ed7-ab17-03385fcbe215" daemon [_thread_blocked, id=20296, stack(0x000000aff8a00000,0x000000aff8b00000) (1024K)]
  0x000001eef6e16c60 JavaThread "Bundle File Closer"         daemon [_thread_blocked, id=19520, stack(0x000000aff7d00000,0x000000aff7e00000) (1024K)]
  0x000001eef6e172f0 JavaThread "SCR Component Actor"        daemon [_thread_blocked, id=23936, stack(0x000000aff8b00000,0x000000aff8c00000) (1024K)]
  0x000001eefd39e380 JavaThread "Worker-JM"                         [_thread_blocked, id=27664, stack(0x000000aff8d00000,0x000000aff8e00000) (1024K)]
  0x000001eefd39ea10 JavaThread "Worker-0: Updating Maven Dependencies"        [_thread_blocked, id=29164, stack(0x000000aff8c00000,0x000000aff8d00000) (1024K)]
  0x000001eefd39f730 JavaThread "Worker-1: Repository registry initialization"        [_thread_in_Java, id=26672, stack(0x000000aff8e00000,0x000000aff8f00000) (1024K)]
  0x000001eefd39fdc0 JavaThread "Worker-2"                          [_thread_blocked, id=23948, stack(0x000000aff8f00000,0x000000aff9000000) (1024K)]
  0x000001eefd39f0a0 JavaThread "Worker-3: Initialize After Load"        [_thread_blocked, id=29848, stack(0x000000aff9000000,0x000000aff9100000) (1024K)]
  0x000001eefd3a0450 JavaThread "Java indexing"              daemon [_thread_blocked, id=19400, stack(0x000000aff9200000,0x000000aff9300000) (1024K)]
  0x000001eefd3a0ae0 JavaThread "JNA Cleaner"                daemon [_thread_blocked, id=27200, stack(0x000000aff9300000,0x000000aff9400000) (1024K)]
  0x000001eefd3a1170 JavaThread "Worker-4"                          [_thread_blocked, id=9036, stack(0x000000aff9600000,0x000000aff9700000) (1024K)]
  0x000001eefd39dcf0 JavaThread "Thread-1"                   daemon [_thread_in_native, id=28984, stack(0x000000aff9100000,0x000000aff9200000) (1024K)]
  0x000001eefd3a4c80 JavaThread "Thread-2"                   daemon [_thread_in_native, id=29276, stack(0x000000aff9700000,0x000000aff9800000) (1024K)]
  0x000001eefd3a45f0 JavaThread "Thread-3"                   daemon [_thread_in_native, id=24080, stack(0x000000aff9800000,0x000000aff9900000) (1024K)]
  0x000001eefd3a3f60 JavaThread "Thread-4"                   daemon [_thread_in_native, id=18740, stack(0x000000aff9900000,0x000000aff9a00000) (1024K)]
  0x000001eefd3a1800 JavaThread "Thread-5"                   daemon [_thread_in_native, id=30888, stack(0x000000aff9a00000,0x000000aff9b00000) (1024K)]
  0x000001eefd3a2bb0 JavaThread "Thread-6"                   daemon [_thread_in_native, id=29632, stack(0x000000aff9b00000,0x000000aff9c00000) (1024K)]
  0x000001eefd3a5310 JavaThread "Thread-7"                   daemon [_thread_in_native, id=12304, stack(0x000000aff9c00000,0x000000aff9d00000) (1024K)]
  0x000001eefd3a1e90 JavaThread "Thread-8"                   daemon [_thread_in_native, id=14300, stack(0x000000aff9d00000,0x000000aff9e00000) (1024K)]
  0x000001eefd3a2520 JavaThread "Thread-9"                   daemon [_thread_in_native, id=312, stack(0x000000aff9e00000,0x000000aff9f00000) (1024K)]
  0x000001eefd3a3240 JavaThread "pool-2-thread-1"                   [_thread_blocked, id=7916, stack(0x000000aff9f00000,0x000000affa000000) (1024K)]
  0x000001eefd3a38d0 JavaThread "WorkspaceEventsHandler"            [_thread_blocked, id=31388, stack(0x000000affa000000,0x000000affa100000) (1024K)]
  0x000001eefeb68da0 JavaThread "pool-1-thread-1"                   [_thread_blocked, id=20816, stack(0x000000affa100000,0x000000affa200000) (1024K)]
Total: 37

Other Threads:
  0x000001eef6e035f0 VMThread "VM Thread"                           [id=27816, stack(0x000000aff7400000,0x000000aff7500000) (1024K)]
  0x000001eedfcaf810 WatcherThread "VM Periodic Task Thread"        [id=27348, stack(0x000000aff7300000,0x000000aff7400000) (1024K)]
  0x000001eedfc64040 WorkerThread "GC Thread#0"                     [id=2980, stack(0x000000aff7200000,0x000000aff7300000) (1024K)]
  0x000001eefd5a4190 WorkerThread "GC Thread#1"                     [id=25148, stack(0x000000aff8000000,0x000000aff8100000) (1024K)]
  0x000001eefd5a4530 WorkerThread "GC Thread#2"                     [id=13392, stack(0x000000aff8100000,0x000000aff8200000) (1024K)]
  0x000001eefd9bf4f0 WorkerThread "GC Thread#3"                     [id=30424, stack(0x000000aff8200000,0x000000aff8300000) (1024K)]
  0x000001eefd9bf890 WorkerThread "GC Thread#4"                     [id=20312, stack(0x000000aff8300000,0x000000aff8400000) (1024K)]
  0x000001eefd9bfc30 WorkerThread "GC Thread#5"                     [id=29524, stack(0x000000aff8400000,0x000000aff8500000) (1024K)]
  0x000001eefd036d20 WorkerThread "GC Thread#6"                     [id=2712, stack(0x000000aff8500000,0x000000aff8600000) (1024K)]
  0x000001eefda2bb30 WorkerThread "GC Thread#7"                     [id=21656, stack(0x000000aff8800000,0x000000aff8900000) (1024K)]
Total: 10

Threads with active compile tasks:
C2 CompilerThread0  17039 4656   !   4       org.eclipse.osgi.internal.loader.classpath.ClasspathManager::defineClass (636 bytes)
Total: 1

VM state: not at safepoint (normal execution)

VM Mutex/Monitor currently owned by a thread: None

Heap address: 0x0000000080000000, size: 2048 MB, Compressed Oops mode: 32-bit

CDS archive(s) mapped at: [0x000001ee80000000-0x000001ee80ba0000-0x000001ee80ba0000), size 12189696, SharedBaseAddress: 0x000001ee80000000, ArchiveRelocationMode: 1.
Compressed class space mapped at: 0x000001ee81000000-0x000001eec1000000, reserved size: 1073741824
Narrow klass base: 0x000001ee80000000, Narrow klass shift: 0, Narrow klass range: 0x100000000

GC Precious Log:
 CardTable entry size: 512
 CPUs: 8 total, 8 available
 Memory: 7971M
 Large Page Support: Disabled
 NUMA Support: Disabled
 Compressed Oops: Enabled (32-bit)
 Alignments: Space 512K, Generation 512K, Heap 2M
 Heap Min Capacity: 100M
 Heap Initial Capacity: 100M
 Heap Max Capacity: 2G
 Pre-touch: Disabled
 Parallel Workers: 8

Heap:
 PSYoungGen      total 23552K, used 15415K [0x00000000d5580000, 0x00000000d7100000, 0x0000000100000000)
  eden space 22016K, 65% used [0x00000000d5580000,0x00000000d6391ed8,0x00000000d6b00000)
  from space 1536K, 65% used [0x00000000d6e00000,0x00000000d6efc010,0x00000000d6f80000)
  to   space 1536K, 0% used [0x00000000d6f80000,0x00000000d6f80000,0x00000000d7100000)
 ParOldGen       total 68608K, used 18341K [0x0000000080000000, 0x0000000084300000, 0x00000000d5580000)
  object space 68608K, 26% used [0x0000000080000000,0x00000000811e9718,0x0000000084300000)
 Metaspace       used 38383K, committed 39488K, reserved 1114112K
  class space    used 4112K, committed 4608K, reserved 1048576K

Card table byte_map: [0x000001eef2150000,0x000001eef2560000] _byte_map_base: 0x000001eef1d50000

Marking Bits: (ParMarkBitMap*) 0x00007ffc2bee2460
 Begin Bits: [0x000001eef2810000, 0x000001eef4810000)
 End Bits:   [0x000001eef4810000, 0x000001eef6810000)

Polling page: 0x000001eede430000

Metaspace:

Usage:
  Non-class:     33.47 MB used.
      Class:      4.02 MB used.
       Both:     37.48 MB used.

Virtual space:
  Non-class space:       64.00 MB reserved,      34.06 MB ( 53%) committed,  1 nodes.
      Class space:        1.00 GB reserved,       4.50 MB ( <1%) committed,  1 nodes.
             Both:        1.06 GB reserved,      38.56 MB (  4%) committed. 

Chunk freelists:
   Non-Class:  13.59 MB
       Class:  11.48 MB
        Both:  25.08 MB

MaxMetaspaceSize: unlimited
CompressedClassSpaceSize: 1.00 GB
Initial GC threshold: 21.00 MB
Current GC threshold: 58.38 MB
CDS: on
 - commit_granule_bytes: 65536.
 - commit_granule_words: 8192.
 - virtual_space_node_default_size: 8388608.
 - enlarge_chunks_in_place: 1.
 - use_allocation_guard: 0.


Internal statistics:

num_allocs_failed_limit: 6.
num_arena_births: 752.
num_arena_deaths: 18.
num_vsnodes_births: 2.
num_vsnodes_deaths: 0.
num_space_committed: 617.
num_space_uncommitted: 0.
num_chunks_returned_to_freelist: 26.
num_chunks_taken_from_freelist: 2392.
num_chunk_merges: 10.
num_chunk_splits: 1497.
num_chunks_enlarged: 879.
num_inconsistent_stats: 0.

CodeHeap 'non-profiled nmethods': size=120000Kb used=2244Kb max_used=2402Kb free=117755Kb
 bounds [0x000001eeeaa30000, 0x000001eeeaca0000, 0x000001eef1f60000]
CodeHeap 'profiled nmethods': size=120000Kb used=8916Kb max_used=9341Kb free=111083Kb
 bounds [0x000001eee2f60000, 0x000001eee3890000, 0x000001eeea490000]
CodeHeap 'non-nmethods': size=5760Kb used=1363Kb max_used=1412Kb free=4396Kb
 bounds [0x000001eeea490000, 0x000001eeea700000, 0x000001eeeaa30000]
CodeCache: size=245760Kb, used=12523Kb, max_used=13155Kb, free=233234Kb
 total_blobs=5044, nmethods=4394, adapters=556, full_count=0
Compilation: enabled, stopped_count=0, restarted_count=0

Compilation events (20 events):
Event: 14.422 Thread 0x000001eef87d0080 nmethod 4902 0x000001eee3009210 code [0x000001eee3009420, 0x000001eee30099f0]
Event: 14.424 Thread 0x000001eef87d0080 4903       3       java.util.Properties::loadConvert (540 bytes)
Event: 14.426 Thread 0x000001eef87d0080 nmethod 4903 0x000001eee319c590 code [0x000001eee319c880, 0x000001eee319db28]
Event: 14.433 Thread 0x000001eef87d0080 4904       3       java.util.TimSort::reverseRange (32 bytes)
Event: 14.434 Thread 0x000001eef87d0080 nmethod 4904 0x000001eee3008a10 code [0x000001eee3008be0, 0x000001eee3009048]
Event: 14.449 Thread 0x000001eef87d0080 4905       3       com.google.common.collect.ComparatorOrdering::compare (12 bytes)
Event: 14.449 Thread 0x000001eef87d0080 nmethod 4905 0x000001eee319be90 code [0x000001eee319c040, 0x000001eee319c218]
Event: 14.450 Thread 0x000001eef87d0080 4906   !   3       com.google.inject.spi.InjectionPoint::getInjectionPoints (489 bytes)
Event: 14.456 Thread 0x000001eef87d0080 nmethod 4906 0x000001eee35d1d10 code [0x000001eee35d2320, 0x000001eee35d5720]
Event: 14.472 Thread 0x000001eef87d0080 4908       1       com.google.inject.internal.KotlinSupport$KotlinUnsupported::isNullable (2 bytes)
Event: 14.472 Thread 0x000001eef87d0080 nmethod 4908 0x000001eeeaa61e10 code [0x000001eeeaa61fa0, 0x000001eeeaa62068]
Event: 14.483 Thread 0x000001eef87d0080 4909       3       java.util.regex.Pattern$Node::study (21 bytes)
Event: 14.483 Thread 0x000001eef87d0080 nmethod 4909 0x000001eee311c890 code [0x000001eee311ca40, 0x000001eee311cc80]
Event: 14.487 Thread 0x000001eef87d0080 4910       3       com.google.inject.internal.MoreTypes::getGenericSupertype (135 bytes)
Event: 15.502 Thread 0x000001eef87d0080 nmethod 4910 0x000001eee2f9b310 code [0x000001eee2f9b7c0, 0x000001eee2f9d760]
Event: 15.518 Thread 0x000001eef87d0080 4912   !   3       java.util.regex.Pattern::RemoveQEQuoting (370 bytes)
Event: 15.519 Thread 0x000001eeff474f60 4776       4       java.io.BufferedReader::implReadLine (301 bytes)
Event: 15.520 Thread 0x000001eef87d0080 nmethod 4912 0x000001eee32f1390 code [0x000001eee32f1660, 0x000001eee32f2710]
Event: 15.520 Thread 0x000001eef87d0080 4911       3       java.util.HashSet::size (8 bytes)
Event: 15.521 Thread 0x000001eef87d0080 nmethod 4911 0x000001eee2f9af10 code [0x000001eee2f9b0a0, 0x000001eee2f9b250]

GC Heap History (20 events):
Event: 8.760 GC heap before
{Heap before GC invocations=8 (full 0):
 PSYoungGen      total 29696K, used 8252K [0x00000000d5580000, 0x00000000d7800000, 0x0000000100000000)
  eden space 24064K, 11% used [0x00000000d5580000,0x00000000d5835da0,0x00000000d6d00000)
  from space 5632K, 97% used [0x00000000d6e00000,0x00000000d73592d8,0x00000000d7380000)
  to   space 4608K, 0% used [0x00000000d7380000,0x00000000d7380000,0x00000000d7800000)
 ParOldGen       total 68608K, used 9005K [0x0000000080000000, 0x0000000084300000, 0x00000000d5580000)
  object space 68608K, 13% used [0x0000000080000000,0x00000000808cb7a0,0x0000000084300000)
 Metaspace       used 20663K, committed 21504K, reserved 1114112K
  class space    used 2149K, committed 2496K, reserved 1048576K
}
Event: 8.764 GC heap after
{Heap after GC invocations=8 (full 0):
 PSYoungGen      total 28160K, used 3949K [0x00000000d5580000, 0x00000000d7780000, 0x0000000100000000)
  eden space 24064K, 0% used [0x00000000d5580000,0x00000000d5580000,0x00000000d6d00000)
  from space 4096K, 96% used [0x00000000d7380000,0x00000000d775b760,0x00000000d7780000)
  to   space 4608K, 0% used [0x00000000d6e80000,0x00000000d6e80000,0x00000000d7300000)
 ParOldGen       total 68608K, used 10026K [0x0000000080000000, 0x0000000084300000, 0x00000000d5580000)
  object space 68608K, 14% used [0x0000000080000000,0x00000000809ca9c0,0x0000000084300000)
 Metaspace       used 20663K, committed 21504K, reserved 1114112K
  class space    used 2149K, committed 2496K, reserved 1048576K
}
Event: 8.764 GC heap before
{Heap before GC invocations=9 (full 1):
 PSYoungGen      total 28160K, used 3949K [0x00000000d5580000, 0x00000000d7780000, 0x0000000100000000)
  eden space 24064K, 0% used [0x00000000d5580000,0x00000000d5580000,0x00000000d6d00000)
  from space 4096K, 96% used [0x00000000d7380000,0x00000000d775b760,0x00000000d7780000)
  to   space 4608K, 0% used [0x00000000d6e80000,0x00000000d6e80000,0x00000000d7300000)
 ParOldGen       total 68608K, used 10026K [0x0000000080000000, 0x0000000084300000, 0x00000000d5580000)
  object space 68608K, 14% used [0x0000000080000000,0x00000000809ca9c0,0x0000000084300000)
 Metaspace       used 20663K, committed 21504K, reserved 1114112K
  class space    used 2149K, committed 2496K, reserved 1048576K
}
Event: 8.822 GC heap after
{Heap after GC invocations=9 (full 1):
 PSYoungGen      total 28160K, used 0K [0x00000000d5580000, 0x00000000d7780000, 0x0000000100000000)
  eden space 24064K, 0% used [0x00000000d5580000,0x00000000d5580000,0x00000000d6d00000)
  from space 4096K, 0% used [0x00000000d7380000,0x00000000d7380000,0x00000000d7780000)
  to   space 4608K, 0% used [0x00000000d6e80000,0x00000000d6e80000,0x00000000d7300000)
 ParOldGen       total 68608K, used 13183K [0x0000000080000000, 0x0000000084300000, 0x00000000d5580000)
  object space 68608K, 19% used [0x0000000080000000,0x0000000080cdff10,0x0000000084300000)
 Metaspace       used 20650K, committed 21504K, reserved 1114112K
  class space    used 2146K, committed 2496K, reserved 1048576K
}
Event: 9.386 GC heap before
{Heap before GC invocations=10 (full 1):
 PSYoungGen      total 28160K, used 24064K [0x00000000d5580000, 0x00000000d7780000, 0x0000000100000000)
  eden space 24064K, 100% used [0x00000000d5580000,0x00000000d6d00000,0x00000000d6d00000)
  from space 4096K, 0% used [0x00000000d7380000,0x00000000d7380000,0x00000000d7780000)
  to   space 4608K, 0% used [0x00000000d6e80000,0x00000000d6e80000,0x00000000d7300000)
 ParOldGen       total 68608K, used 13183K [0x0000000080000000, 0x0000000084300000, 0x00000000d5580000)
  object space 68608K, 19% used [0x0000000080000000,0x0000000080cdff10,0x0000000084300000)
 Metaspace       used 24569K, committed 25408K, reserved 1114112K
  class space    used 2433K, committed 2752K, reserved 1048576K
}
Event: 9.388 GC heap after
{Heap after GC invocations=10 (full 1):
 PSYoungGen      total 24064K, used 406K [0x00000000d5580000, 0x00000000d7400000, 0x0000000100000000)
  eden space 23552K, 0% used [0x00000000d5580000,0x00000000d5580000,0x00000000d6c80000)
  from space 512K, 79% used [0x00000000d6e80000,0x00000000d6ee58b8,0x00000000d6f00000)
  to   space 2048K, 0% used [0x00000000d7200000,0x00000000d7200000,0x00000000d7400000)
 ParOldGen       total 68608K, used 13191K [0x0000000080000000, 0x0000000084300000, 0x00000000d5580000)
  object space 68608K, 19% used [0x0000000080000000,0x0000000080ce1f10,0x0000000084300000)
 Metaspace       used 24569K, committed 25408K, reserved 1114112K
  class space    used 2433K, committed 2752K, reserved 1048576K
}
Event: 10.125 GC heap before
{Heap before GC invocations=11 (full 1):
 PSYoungGen      total 24064K, used 23958K [0x00000000d5580000, 0x00000000d7400000, 0x0000000100000000)
  eden space 23552K, 100% used [0x00000000d5580000,0x00000000d6c80000,0x00000000d6c80000)
  from space 512K, 79% used [0x00000000d6e80000,0x00000000d6ee58b8,0x00000000d6f00000)
  to   space 2048K, 0% used [0x00000000d7200000,0x00000000d7200000,0x00000000d7400000)
 ParOldGen       total 68608K, used 13191K [0x0000000080000000, 0x0000000084300000, 0x00000000d5580000)
  object space 68608K, 19% used [0x0000000080000000,0x0000000080ce1f10,0x0000000084300000)
 Metaspace       used 26142K, committed 27072K, reserved 1114112K
  class space    used 2597K, committed 3008K, reserved 1048576K
}
Event: 10.129 GC heap after
{Heap after GC invocations=11 (full 1):
 PSYoungGen      total 25088K, used 2026K [0x00000000d5580000, 0x00000000d7400000, 0x0000000100000000)
  eden space 23040K, 0% used [0x00000000d5580000,0x00000000d5580000,0x00000000d6c00000)
  from space 2048K, 98% used [0x00000000d7200000,0x00000000d73fa9d0,0x00000000d7400000)
  to   space 3584K, 0% used [0x00000000d6d00000,0x00000000d6d00000,0x00000000d7080000)
 ParOldGen       total 68608K, used 14013K [0x0000000080000000, 0x0000000084300000, 0x00000000d5580000)
  object space 68608K, 20% used [0x0000000080000000,0x0000000080daf420,0x0000000084300000)
 Metaspace       used 26142K, committed 27072K, reserved 1114112K
  class space    used 2597K, committed 3008K, reserved 1048576K
}
Event: 10.541 GC heap before
{Heap before GC invocations=12 (full 1):
 PSYoungGen      total 25088K, used 25066K [0x00000000d5580000, 0x00000000d7400000, 0x0000000100000000)
  eden space 23040K, 100% used [0x00000000d5580000,0x00000000d6c00000,0x00000000d6c00000)
  from space 2048K, 98% used [0x00000000d7200000,0x00000000d73fa9d0,0x00000000d7400000)
  to   space 3584K, 0% used [0x00000000d6d00000,0x00000000d6d00000,0x00000000d7080000)
 ParOldGen       total 68608K, used 14013K [0x0000000080000000, 0x0000000084300000, 0x00000000d5580000)
  object space 68608K, 20% used [0x0000000080000000,0x0000000080daf420,0x0000000084300000)
 Metaspace       used 29315K, committed 30272K, reserved 1114112K
  class space    used 2959K, committed 3392K, reserved 1048576K
}
Event: 10.544 GC heap after
{Heap after GC invocations=12 (full 1):
 PSYoungGen      total 26112K, used 1213K [0x00000000d5580000, 0x00000000d7280000, 0x0000000100000000)
  eden space 22528K, 0% used [0x00000000d5580000,0x00000000d5580000,0x00000000d6b80000)
  from space 3584K, 33% used [0x00000000d6d00000,0x00000000d6e2f798,0x00000000d7080000)
  to   space 2048K, 0% used [0x00000000d7080000,0x00000000d7080000,0x00000000d7280000)
 ParOldGen       total 68608K, used 15432K [0x0000000080000000, 0x0000000084300000, 0x00000000d5580000)
  object space 68608K, 22% used [0x0000000080000000,0x0000000080f12378,0x0000000084300000)
 Metaspace       used 29315K, committed 30272K, reserved 1114112K
  class space    used 2959K, committed 3392K, reserved 1048576K
}
Event: 11.136 GC heap before
{Heap before GC invocations=13 (full 1):
 PSYoungGen      total 26112K, used 23741K [0x00000000d5580000, 0x00000000d7280000, 0x0000000100000000)
  eden space 22528K, 100% used [0x00000000d5580000,0x00000000d6b80000,0x00000000d6b80000)
  from space 3584K, 33% used [0x00000000d6d00000,0x00000000d6e2f798,0x00000000d7080000)
  to   space 2048K, 0% used [0x00000000d7080000,0x00000000d7080000,0x00000000d7280000)
 ParOldGen       total 68608K, used 15432K [0x0000000080000000, 0x0000000084300000, 0x00000000d5580000)
  object space 68608K, 22% used [0x0000000080000000,0x0000000080f12378,0x0000000084300000)
 Metaspace       used 31680K, committed 32640K, reserved 1114112K
  class space    used 3264K, committed 3648K, reserved 1048576K
}
Event: 11.139 GC heap after
{Heap after GC invocations=13 (full 1):
 PSYoungGen      total 23552K, used 1028K [0x00000000d5580000, 0x00000000d7200000, 0x0000000100000000)
  eden space 22016K, 0% used [0x00000000d5580000,0x00000000d5580000,0x00000000d6b00000)
  from space 1536K, 66% used [0x00000000d7080000,0x00000000d7181080,0x00000000d7200000)
  to   space 1536K, 0% used [0x00000000d6f00000,0x00000000d6f00000,0x00000000d7080000)
 ParOldGen       total 68608K, used 16468K [0x0000000080000000, 0x0000000084300000, 0x00000000d5580000)
  object space 68608K, 24% used [0x0000000080000000,0x0000000081015048,0x0000000084300000)
 Metaspace       used 31680K, committed 32640K, reserved 1114112K
  class space    used 3264K, committed 3648K, reserved 1048576K
}
Event: 11.918 GC heap before
{Heap before GC invocations=14 (full 1):
 PSYoungGen      total 23552K, used 23044K [0x00000000d5580000, 0x00000000d7200000, 0x0000000100000000)
  eden space 22016K, 100% used [0x00000000d5580000,0x00000000d6b00000,0x00000000d6b00000)
  from space 1536K, 66% used [0x00000000d7080000,0x00000000d7181080,0x00000000d7200000)
  to   space 1536K, 0% used [0x00000000d6f00000,0x00000000d6f00000,0x00000000d7080000)
 ParOldGen       total 68608K, used 16468K [0x0000000080000000, 0x0000000084300000, 0x00000000d5580000)
  object space 68608K, 24% used [0x0000000080000000,0x0000000081015048,0x0000000084300000)
 Metaspace       used 34142K, committed 35200K, reserved 1114112K
  class space    used 3554K, committed 4032K, reserved 1048576K
}
Event: 11.920 GC heap after
{Heap after GC invocations=14 (full 1):
 PSYoungGen      total 23552K, used 1505K [0x00000000d5580000, 0x00000000d7200000, 0x0000000100000000)
  eden space 22016K, 0% used [0x00000000d5580000,0x00000000d5580000,0x00000000d6b00000)
  from space 1536K, 98% used [0x00000000d6f00000,0x00000000d7078638,0x00000000d7080000)
  to   space 1536K, 0% used [0x00000000d7080000,0x00000000d7080000,0x00000000d7200000)
 ParOldGen       total 68608K, used 17982K [0x0000000080000000, 0x0000000084300000, 0x00000000d5580000)
  object space 68608K, 26% used [0x0000000080000000,0x000000008118f950,0x0000000084300000)
 Metaspace       used 34142K, committed 35200K, reserved 1114112K
  class space    used 3554K, committed 4032K, reserved 1048576K
}
Event: 12.436 GC heap before
{Heap before GC invocations=15 (full 1):
 PSYoungGen      total 23552K, used 8641K [0x00000000d5580000, 0x00000000d7200000, 0x0000000100000000)
  eden space 22016K, 32% used [0x00000000d5580000,0x00000000d5c77df8,0x00000000d6b00000)
  from space 1536K, 98% used [0x00000000d6f00000,0x00000000d7078638,0x00000000d7080000)
  to   space 1536K, 0% used [0x00000000d7080000,0x00000000d7080000,0x00000000d7200000)
 ParOldGen       total 68608K, used 17982K [0x0000000080000000, 0x0000000084300000, 0x00000000d5580000)
  object space 68608K, 26% used [0x0000000080000000,0x000000008118f950,0x0000000084300000)
 Metaspace       used 34859K, committed 35840K, reserved 1114112K
  class space    used 3659K, committed 4096K, reserved 1048576K
}
Event: 12.439 GC heap after
{Heap after GC invocations=15 (full 1):
 PSYoungGen      total 22528K, used 352K [0x00000000d5580000, 0x00000000d7100000, 0x0000000100000000)
  eden space 22016K, 0% used [0x00000000d5580000,0x00000000d5580000,0x00000000d6b00000)
  from space 512K, 68% used [0x00000000d7080000,0x00000000d70d8000,0x00000000d7100000)
  to   space 1536K, 0% used [0x00000000d6e00000,0x00000000d6e00000,0x00000000d6f80000)
 ParOldGen       total 68608K, used 19417K [0x0000000080000000, 0x0000000084300000, 0x00000000d5580000)
  object space 68608K, 28% used [0x0000000080000000,0x00000000812f65b8,0x0000000084300000)
 Metaspace       used 34859K, committed 35840K, reserved 1114112K
  class space    used 3659K, committed 4096K, reserved 1048576K
}
Event: 12.439 GC heap before
{Heap before GC invocations=16 (full 2):
 PSYoungGen      total 22528K, used 352K [0x00000000d5580000, 0x00000000d7100000, 0x0000000100000000)
  eden space 22016K, 0% used [0x00000000d5580000,0x00000000d5580000,0x00000000d6b00000)
  from space 512K, 68% used [0x00000000d7080000,0x00000000d70d8000,0x00000000d7100000)
  to   space 1536K, 0% used [0x00000000d6e00000,0x00000000d6e00000,0x00000000d6f80000)
 ParOldGen       total 68608K, used 19417K [0x0000000080000000, 0x0000000084300000, 0x00000000d5580000)
  object space 68608K, 28% used [0x0000000080000000,0x00000000812f65b8,0x0000000084300000)
 Metaspace       used 34859K, committed 35840K, reserved 1114112K
  class space    used 3659K, committed 4096K, reserved 1048576K
}
Event: 12.696 GC heap after
{Heap after GC invocations=16 (full 2):
 PSYoungGen      total 22528K, used 0K [0x00000000d5580000, 0x00000000d7100000, 0x0000000100000000)
  eden space 22016K, 0% used [0x00000000d5580000,0x00000000d5580000,0x00000000d6b00000)
  from space 512K, 0% used [0x00000000d7080000,0x00000000d7080000,0x00000000d7100000)
  to   space 1536K, 0% used [0x00000000d6e00000,0x00000000d6e00000,0x00000000d6f80000)
 ParOldGen       total 68608K, used 18333K [0x0000000080000000, 0x0000000084300000, 0x00000000d5580000)
  object space 68608K, 26% used [0x0000000080000000,0x00000000811e7718,0x0000000084300000)
 Metaspace       used 34855K, committed 35840K, reserved 1114112K
  class space    used 3658K, committed 4096K, reserved 1048576K
}
Event: 14.221 GC heap before
{Heap before GC invocations=17 (full 2):
 PSYoungGen      total 22528K, used 22016K [0x00000000d5580000, 0x00000000d7100000, 0x0000000100000000)
  eden space 22016K, 100% used [0x00000000d5580000,0x00000000d6b00000,0x00000000d6b00000)
  from space 512K, 0% used [0x00000000d7080000,0x00000000d7080000,0x00000000d7100000)
  to   space 1536K, 0% used [0x00000000d6e00000,0x00000000d6e00000,0x00000000d6f80000)
 ParOldGen       total 68608K, used 18333K [0x0000000080000000, 0x0000000084300000, 0x00000000d5580000)
  object space 68608K, 26% used [0x0000000080000000,0x00000000811e7718,0x0000000084300000)
 Metaspace       used 36800K, committed 37824K, reserved 1114112K
  class space    used 3920K, committed 4352K, reserved 1048576K
}
Event: 14.224 GC heap after
{Heap after GC invocations=17 (full 2):
 PSYoungGen      total 23552K, used 1008K [0x00000000d5580000, 0x00000000d7100000, 0x0000000100000000)
  eden space 22016K, 0% used [0x00000000d5580000,0x00000000d5580000,0x00000000d6b00000)
  from space 1536K, 65% used [0x00000000d6e00000,0x00000000d6efc010,0x00000000d6f80000)
  to   space 1536K, 0% used [0x00000000d6f80000,0x00000000d6f80000,0x00000000d7100000)
 ParOldGen       total 68608K, used 18341K [0x0000000080000000, 0x0000000084300000, 0x00000000d5580000)
  object space 68608K, 26% used [0x0000000080000000,0x00000000811e9718,0x0000000084300000)
 Metaspace       used 36800K, committed 37824K, reserved 1114112K
  class space    used 3920K, committed 4352K, reserved 1048576K
}

Dll operation events (10 events):
Event: 0.018 Loaded shared library c:\Users\User\.vscode\extensions\redhat.java-1.50.0-win32-x64\jre\21.0.9-win32-x86_64\bin\java.dll
Event: 0.170 Loaded shared library c:\Users\User\.vscode\extensions\redhat.java-1.50.0-win32-x64\jre\21.0.9-win32-x86_64\bin\zip.dll
Event: 0.240 Loaded shared library C:\Users\User\.vscode\extensions\redhat.java-1.50.0-win32-x64\jre\21.0.9-win32-x86_64\bin\instrument.dll
Event: 0.252 Loaded shared library C:\Users\User\.vscode\extensions\redhat.java-1.50.0-win32-x64\jre\21.0.9-win32-x86_64\bin\net.dll
Event: 0.255 Loaded shared library C:\Users\User\.vscode\extensions\redhat.java-1.50.0-win32-x64\jre\21.0.9-win32-x86_64\bin\nio.dll
Event: 0.262 Loaded shared library C:\Users\User\.vscode\extensions\redhat.java-1.50.0-win32-x64\jre\21.0.9-win32-x86_64\bin\zip.dll
Event: 0.299 Loaded shared library C:\Users\User\.vscode\extensions\redhat.java-1.50.0-win32-x64\jre\21.0.9-win32-x86_64\bin\jimage.dll
Event: 0.466 Loaded shared library c:\Users\User\.vscode\extensions\redhat.java-1.50.0-win32-x64\jre\21.0.9-win32-x86_64\bin\verify.dll
Event: 3.285 Loaded shared library C:\Users\User\AppData\Roaming\Code\User\globalStorage\redhat.java\1.50.0\config_win\org.eclipse.equinox.launcher\org.eclipse.equinox.launcher.win32.win32.x86_64_1.2.1400.v20250801-0854\eclipse_11916.dll
Event: 10.995 Loaded shared library C:\Users\User\AppData\Local\Temp\jna-2645995\jna17277023764432835012.dll

Deoptimization events (20 events):
Event: 14.071 Thread 0x000001eedfc43910 Uncommon trap: trap_request=0xffffffc6 fr.pc=0x000001eeeac2b4dc relative=0x0000000000000b5c
Event: 14.071 Thread 0x000001eedfc43910 Uncommon trap: reason=bimorphic_or_optimized_type_check action=maybe_recompile pc=0x000001eeeac2b4dc method=java.util.TreeMap.put(Ljava/lang/Object;Ljava/lang/Object;Z)Ljava/lang/Object; @ 42 c2
Event: 14.071 Thread 0x000001eedfc43910 DEOPT PACKING pc=0x000001eeeac2b4dc sp=0x000000aff71fe050
Event: 14.071 Thread 0x000001eedfc43910 DEOPT UNPACKING pc=0x000001eeea4e6da2 sp=0x000000aff71fdff0 mode 2
Event: 14.137 Thread 0x000001eefeb68da0 Uncommon trap: trap_request=0xffffff45 fr.pc=0x000001eeeac5e47c relative=0x00000000000008bc
Event: 14.137 Thread 0x000001eefeb68da0 Uncommon trap: reason=unstable_if action=reinterpret pc=0x000001eeeac5e47c method=com.google.gson.stream.JsonReader.nextQuotedValue(C)Ljava/lang/String; @ 121 c2
Event: 14.137 Thread 0x000001eefeb68da0 DEOPT PACKING pc=0x000001eeeac5e47c sp=0x000000affa1feb60
Event: 14.138 Thread 0x000001eefeb68da0 DEOPT UNPACKING pc=0x000001eeea4e6da2 sp=0x000000affa1feaf8 mode 2
Event: 14.315 Thread 0x000001eefeb68da0 Uncommon trap: trap_request=0xffffff45 fr.pc=0x000001eeeac3bc70 relative=0x0000000000000690
Event: 14.315 Thread 0x000001eefeb68da0 Uncommon trap: reason=unstable_if action=reinterpret pc=0x000001eeeac3bc70 method=sun.nio.cs.StreamDecoder.implRead([CII)I @ 36 c2
Event: 14.315 Thread 0x000001eefeb68da0 DEOPT PACKING pc=0x000001eeeac3bc70 sp=0x000000affa1fe780
Event: 14.315 Thread 0x000001eefeb68da0 DEOPT UNPACKING pc=0x000001eeea4e6da2 sp=0x000000affa1fe720 mode 2
Event: 14.411 Thread 0x000001eefeb68da0 Uncommon trap: trap_request=0xffffff45 fr.pc=0x000001eeeac27f00 relative=0x0000000000000b80
Event: 14.411 Thread 0x000001eefeb68da0 Uncommon trap: reason=unstable_if action=reinterpret pc=0x000001eeeac27f00 method=org.eclipse.osgi.internal.loader.BundleLoader.getPackageName(Ljava/lang/String;)Ljava/lang/String; @ 12 c2
Event: 14.411 Thread 0x000001eefeb68da0 DEOPT PACKING pc=0x000001eeeac27f00 sp=0x000000affa1fe1a0
Event: 14.411 Thread 0x000001eefeb68da0 DEOPT UNPACKING pc=0x000001eeea4e6da2 sp=0x000000affa1fe110 mode 2
Event: 14.411 Thread 0x000001eefeb68da0 Uncommon trap: trap_request=0xffffff45 fr.pc=0x000001eeeabb9368 relative=0x0000000000000688
Event: 14.411 Thread 0x000001eefeb68da0 Uncommon trap: reason=unstable_if action=reinterpret pc=0x000001eeeabb9368 method=org.eclipse.osgi.internal.loader.BundleLoader.getPackageName(Ljava/lang/String;)Ljava/lang/String; @ 12 c2
Event: 14.411 Thread 0x000001eefeb68da0 DEOPT PACKING pc=0x000001eeeabb9368 sp=0x000000affa1fdf50
Event: 14.415 Thread 0x000001eefeb68da0 DEOPT UNPACKING pc=0x000001eeea4e6da2 sp=0x000000affa1fdf38 mode 2

Classes loaded (20 events):
Event: 14.126 Loading class java/io/PrintWriter$1
Event: 14.126 Loading class jdk/internal/access/JavaIOPrintWriterAccess
Event: 14.126 Loading class jdk/internal/access/JavaIOPrintWriterAccess done
Event: 14.126 Loading class java/io/PrintWriter$1 done
Event: 14.127 Loading class sun/reflect/annotation/AnnotatedTypeFactory$AnnotatedParameterizedTypeImpl
Event: 14.128 Loading class java/time/format/DateTimeParseContext
Event: 14.129 Loading class java/time/format/DateTimeParseContext done
Event: 14.129 Loading class java/time/format/Parsed
Event: 14.129 Loading class java/lang/reflect/AnnotatedParameterizedType
Event: 14.129 Loading class java/time/format/Parsed done
Event: 14.129 Loading class java/lang/reflect/AnnotatedParameterizedType done
Event: 14.129 Loading class sun/reflect/annotation/AnnotatedTypeFactory$AnnotatedParameterizedTypeImpl done
Event: 14.173 Loading class sun/reflect/generics/repository/FieldRepository
Event: 14.174 Loading class sun/reflect/generics/repository/FieldRepository done
Event: 14.189 Loading class jdk/internal/reflect/MethodHandleIntegerFieldAccessorImpl
Event: 14.190 Loading class jdk/internal/reflect/MethodHandleIntegerFieldAccessorImpl done
Event: 14.389 Loading class sun/reflect/generics/scope/ConstructorScope
Event: 14.389 Loading class sun/reflect/generics/scope/ConstructorScope done
Event: 14.390 Loading class sun/reflect/generics/tree/VoidDescriptor
Event: 14.390 Loading class sun/reflect/generics/tree/VoidDescriptor done

Classes unloaded (9 events):
Event: 8.771 Thread 0x000001eef6e035f0 Unloading class 0x000001ee811acc00 'java/lang/invoke/LambdaForm$MH+0x000001ee811acc00'
Event: 8.771 Thread 0x000001eef6e035f0 Unloading class 0x000001ee811ac800 'java/lang/invoke/LambdaForm$MH+0x000001ee811ac800'
Event: 8.771 Thread 0x000001eef6e035f0 Unloading class 0x000001ee811ac400 'java/lang/invoke/LambdaForm$MH+0x000001ee811ac400'
Event: 8.771 Thread 0x000001eef6e035f0 Unloading class 0x000001ee811ac000 'java/lang/invoke/LambdaForm$MH+0x000001ee811ac000'
Event: 8.771 Thread 0x000001eef6e035f0 Unloading class 0x000001ee811abc00 'java/lang/invoke/LambdaForm$BMH+0x000001ee811abc00'
Event: 8.771 Thread 0x000001eef6e035f0 Unloading class 0x000001ee811ab800 'java/lang/invoke/LambdaForm$DMH+0x000001ee811ab800'
Event: 8.771 Thread 0x000001eef6e035f0 Unloading class 0x000001ee811aa400 'java/lang/invoke/LambdaForm$DMH+0x000001ee811aa400'
Event: 12.447 Thread 0x000001eef6e035f0 Unloading class 0x000001ee812d2800 'java/lang/invoke/LambdaForm$MH+0x000001ee812d2800'
Event: 12.447 Thread 0x000001eef6e035f0 Unloading class 0x000001ee812d2400 'java/lang/invoke/LambdaForm$DMH+0x000001ee812d2400'

Classes redefined (0 events):
No events

Internal exceptions (20 events):
Event: 9.802 Thread 0x000001eefd39f730 Exception <a 'java/lang/NoSuchMethodError'{0x00000000d66c16d8}: 'java.lang.Object java.lang.invoke.DirectMethodHandle$Holder.invokeSpecialIFC(java.lang.Object, java.lang.Object, java.lang.Object, java.lang.Object)'> (0x00000000d66c16d8) 
thrown [s\src\hotspot\share\interpreter\linkResolver.cpp, line 773]
Event: 10.302 Thread 0x000001eef6e17980 Exception <a 'java/lang/NoSuchMethodError'{0x00000000d5fa0e30}: 'java.lang.Object java.lang.invoke.DirectMethodHandle$Holder.invokeStaticInit(java.lang.Object, int, int, int, int)'> (0x00000000d5fa0e30) 
thrown [s\src\hotspot\share\interpreter\linkResolver.cpp, line 773]
Event: 10.366 Thread 0x000001eef6e17980 Exception <a 'java/lang/NoSuchMethodError'{0x00000000d62b5220}: 'java.lang.Object java.lang.invoke.DirectMethodHandle$Holder.invokeStaticInit(java.lang.Object, java.lang.Object, int, int, int, int)'> (0x00000000d62b5220) 
thrown [s\src\hotspot\share\interpreter\linkResolver.cpp, line 773]
Event: 10.566 Thread 0x000001eef6e17980 Exception <a 'java/lang/ClassNotFoundException'{0x00000000d5697610}: com/sun/org/apache/xml/internal/serializer/spi/XMLEntitiesProvider> (0x00000000d5697610) 
thrown [s\src\hotspot\share\classfile\systemDictionary.cpp, line 312]
Event: 10.769 Thread 0x000001eefd39f730 Exception <a 'java/lang/NoClassDefFoundError'{0x00000000d5c43448}: javax/enterprise/inject/Typed> (0x00000000d5c43448) 
thrown [s\src\hotspot\share\classfile\systemDictionary.cpp, line 301]
Event: 10.820 Thread 0x000001eef6e17980 Exception <a 'java/io/FileNotFoundException'{0x00000000d5de77d0}> (0x00000000d5de77d0) 
thrown [s\src\hotspot\share\prims\jni.cpp, line 520]
Event: 11.053 Thread 0x000001eef6e17980 Exception <a 'java/lang/UnsatisfiedLinkError'{0x00000000d6668420}: The specified procedure could not be found.
> (0x00000000d6668420) 
thrown [s\src\hotspot\share\prims\jni.cpp, line 539]
Event: 11.062 Thread 0x000001eef6e17980 Exception <a 'java/io/FileNotFoundException'{0x00000000d6690688}> (0x00000000d6690688) 
thrown [s\src\hotspot\share\prims\jni.cpp, line 520]
Event: 11.075 Thread 0x000001eef6e17980 Exception <a 'java/io/FileNotFoundException'{0x00000000d687f6f8}> (0x00000000d687f6f8) 
thrown [s\src\hotspot\share\prims\jni.cpp, line 520]
Event: 11.099 Thread 0x000001eef6e17980 Exception <a 'java/lang/NoSuchMethodError'{0x00000000d6984c20}: 'void java.lang.invoke.DelegatingMethodHandle$Holder.reinvoke_L(java.lang.Object, java.lang.Object, int)'> (0x00000000d6984c20) 
thrown [s\src\hotspot\share\interpreter\linkResolver.cpp, line 773]
Event: 11.100 Thread 0x000001eef6e17980 Exception <a 'java/lang/NoSuchMethodError'{0x00000000d698b5b8}: 'int java.lang.invoke.Invokers$Holder.invokeExact_MT(java.lang.Object, java.lang.Object, java.lang.Object)'> (0x00000000d698b5b8) 
thrown [s\src\hotspot\share\interpreter\linkResolver.cpp, line 773]
Event: 11.103 Thread 0x000001eef6e17980 Exception <a 'java/lang/UnsatisfiedLinkError'{0x00000000d6999c88}: The specified procedure could not be found.
> (0x00000000d6999c88) 
thrown [s\src\hotspot\share\prims\jni.cpp, line 539]
Event: 11.147 Thread 0x000001eef6e17980 Exception <a 'java/lang/NoSuchMethodError'{0x00000000d55b36f8}: 'void java.lang.invoke.Invokers$Holder.invokeExact_MT(java.lang.Object, java.lang.Object, int, java.lang.Object)'> (0x00000000d55b36f8) 
thrown [s\src\hotspot\share\interpreter\linkResolver.cpp, line 773]
Event: 11.234 Thread 0x000001eefd39fdc0 Exception <a 'java/lang/NoSuchMethodError'{0x00000000d5a94278}: 'void java.lang.invoke.DirectMethodHandle$Holder.invokeStaticInit(java.lang.Object, java.lang.Object, java.lang.Object, java.lang.Object)'> (0x00000000d5a94278) 
thrown [s\src\hotspot\share\interpreter\linkResolver.cpp, line 773]
Event: 11.858 Thread 0x000001eedfc43910 Exception <a 'java/lang/NoSuchMethodError'{0x00000000d68cc6c0}: 'java.lang.Object java.lang.invoke.DirectMethodHandle$Holder.invokeStatic(java.lang.Object, long, java.lang.Object)'> (0x00000000d68cc6c0) 
thrown [s\src\hotspot\share\interpreter\linkResolver.cpp, line 773]
Event: 11.858 Thread 0x000001eedfc43910 Exception <a 'java/lang/NoSuchMethodError'{0x00000000d68d5ee8}: 'java.lang.Object java.lang.invoke.DirectMethodHandle$Holder.invokeStaticInit(java.lang.Object, long, java.lang.Object)'> (0x00000000d68d5ee8) 
thrown [s\src\hotspot\share\interpreter\linkResolver.cpp, line 773]
Event: 11.859 Thread 0x000001eedfc43910 Exception <a 'java/lang/NoSuchMethodError'{0x00000000d68dbc88}: 'java.lang.Object java.lang.invoke.DirectMethodHandle$Holder.newInvokeSpecial(java.lang.Object, long)'> (0x00000000d68dbc88) 
thrown [s\src\hotspot\share\interpreter\linkResolver.cpp, line 773]
Event: 14.024 Thread 0x000001eedfc43910 Exception <a 'java/lang/NoSuchMethodError'{0x00000000d634dd78}: 'void java.lang.invoke.DirectMethodHandle$Holder.invokeSpecial(java.lang.Object, java.lang.Object, java.lang.Object, java.lang.Object, java.lang.Object, java.lang.Object)'> (0x00000000d634dd78) 
thrown [s\src\hotspot\share\interpreter\linkResolver.cpp, line 773]
Event: 14.025 Thread 0x000001eedfc43910 Exception <a 'java/lang/IncompatibleClassChangeError'{0x00000000d63560f8}: Found class java.lang.Object, but interface was expected> (0x00000000d63560f8) 
thrown [s\src\hotspot\share\interpreter\linkResolver.cpp, line 840]
Event: 14.026 Thread 0x000001eedfc43910 Exception <a 'java/lang/IncompatibleClassChangeError'{0x00000000d6357e40}: Found class java.lang.Object, but interface was expected> (0x00000000d6357e40) 
thrown [s\src\hotspot\share\interpreter\linkResolver.cpp, line 840]

ZGC Phase Switch (0 events):
No events

VM Operations (20 events):
Event: 10.716 Executing VM operation: HandshakeAllThreads (Deoptimize)
Event: 10.716 Executing VM operation: HandshakeAllThreads (Deoptimize) done
Event: 10.755 Executing VM operation: HandshakeAllThreads (Deoptimize)
Event: 10.755 Executing VM operation: HandshakeAllThreads (Deoptimize) done
Event: 11.022 Executing VM operation: HandshakeAllThreads (Deoptimize)
Event: 11.022 Executing VM operation: HandshakeAllThreads (Deoptimize) done
Event: 11.136 Executing VM operation: ParallelGCFailedAllocation (Allocation Failure)
Event: 11.139 Executing VM operation: ParallelGCFailedAllocation (Allocation Failure) done
Event: 11.917 Executing VM operation: ParallelGCFailedAllocation (Allocation Failure)
Event: 11.920 Executing VM operation: ParallelGCFailedAllocation (Allocation Failure) done
Event: 12.436 Executing VM operation: CollectForMetadataAllocation (Metadata GC Threshold)
Event: 12.696 Executing VM operation: CollectForMetadataAllocation (Metadata GC Threshold) done
Event: 13.706 Executing VM operation: Cleanup
Event: 13.706 Executing VM operation: Cleanup done
Event: 14.221 Executing VM operation: ParallelGCFailedAllocation (Allocation Failure)
Event: 14.224 Executing VM operation: ParallelGCFailedAllocation (Allocation Failure) done
Event: 14.302 Executing VM operation: HandshakeAllThreads (Deoptimize)
Event: 14.302 Executing VM operation: HandshakeAllThreads (Deoptimize) done
Event: 15.313 Executing VM operation: Cleanup
Event: 15.518 Executing VM operation: Cleanup done

Memory protections (0 events):
No events

Nmethod flushes (20 events):
Event: 12.662 Thread 0x000001eef6e035f0 flushing  nmethod 0x000001eee351f510
Event: 12.662 Thread 0x000001eef6e035f0 flushing  nmethod 0x000001eee3520590
Event: 12.662 Thread 0x000001eef6e035f0 flushing  nmethod 0x000001eee3520e90
Event: 12.662 Thread 0x000001eef6e035f0 flushing  nmethod 0x000001eee3522090
Event: 12.662 Thread 0x000001eef6e035f0 flushing  nmethod 0x000001eee3522890
Event: 12.662 Thread 0x000001eef6e035f0 flushing  nmethod 0x000001eee3523990
Event: 12.662 Thread 0x000001eef6e035f0 flushing  nmethod 0x000001eee3523e90
Event: 12.662 Thread 0x000001eef6e035f0 flushing  nmethod 0x000001eee3524790
Event: 12.662 Thread 0x000001eef6e035f0 flushing  nmethod 0x000001eee3525c10
Event: 12.662 Thread 0x000001eef6e035f0 flushing  nmethod 0x000001eee3527c10
Event: 12.662 Thread 0x000001eef6e035f0 flushing  nmethod 0x000001eee3528990
Event: 12.662 Thread 0x000001eef6e035f0 flushing  nmethod 0x000001eee3528e90
Event: 12.662 Thread 0x000001eef6e035f0 flushing  nmethod 0x000001eee3529e10
Event: 12.662 Thread 0x000001eef6e035f0 flushing  nmethod 0x000001eee3579490
Event: 12.662 Thread 0x000001eef6e035f0 flushing  nmethod 0x000001eee3580690
Event: 12.662 Thread 0x000001eef6e035f0 flushing  nmethod 0x000001eee3584f10
Event: 12.662 Thread 0x000001eef6e035f0 flushing  nmethod 0x000001eee35d1d10
Event: 12.662 Thread 0x000001eef6e035f0 flushing  nmethod 0x000001eee35edb90
Event: 12.662 Thread 0x000001eef6e035f0 flushing  nmethod 0x000001eee361a310
Event: 12.662 Thread 0x000001eef6e035f0 flushing  nmethod 0x000001eee366ab90

Events (20 events):
Event: 9.722 Thread 0x000001eef87d0080 Thread added: 0x000001eefdcc39a0
Event: 10.245 Thread 0x000001eef6e17980 Thread added: 0x000001eefd3a0450
Event: 11.038 Thread 0x000001eef6e17980 Thread added: 0x000001eefd3a0ae0
Event: 11.209 Thread 0x000001eefd39fdc0 Thread added: 0x000001eefd3a1170
Event: 11.859 Thread 0x000001eefdcc39a0 Thread exited: 0x000001eefdcc39a0
Event: 11.870 Thread 0x000001eedfc43910 Thread added: 0x000001eefd39dcf0
Event: 11.871 Thread 0x000001eedfc43910 Thread added: 0x000001eefd3a4c80
Event: 11.871 Thread 0x000001eedfc43910 Thread added: 0x000001eefd3a45f0
Event: 11.871 Thread 0x000001eedfc43910 Thread added: 0x000001eefd3a3f60
Event: 11.871 Thread 0x000001eedfc43910 Thread added: 0x000001eefd3a1800
Event: 11.871 Thread 0x000001eedfc43910 Thread added: 0x000001eefd3a2bb0
Event: 11.871 Thread 0x000001eedfc43910 Thread added: 0x000001eefd3a5310
Event: 11.871 Thread 0x000001eedfc43910 Thread added: 0x000001eefd3a1e90
Event: 11.871 Thread 0x000001eedfc43910 Thread added: 0x000001eefd3a2520
Event: 11.906 Thread 0x000001eedfc43910 Thread added: 0x000001eefd3a3240
Event: 11.925 Thread 0x000001eef87d0080 Thread added: 0x000001eeff474f60
Event: 13.022 Thread 0x000001eeff474f60 Thread exited: 0x000001eeff474f60
Event: 14.061 Thread 0x000001eedfc43910 Thread added: 0x000001eefd3a38d0
Event: 14.061 Thread 0x000001eedfc43910 Thread added: 0x000001eefeb68da0
Event: 15.518 Thread 0x000001eef87d0080 Thread added: 0x000001eeff474f60


Dynamic libraries:
0x00007ff7800c0000 - 0x00007ff7800ce000 	c:\Users\User\.vscode\extensions\redhat.java-1.50.0-win32-x64\jre\21.0.9-win32-x86_64\bin\java.exe
0x00007ffcf2cc0000 - 0x00007ffcf2f28000 	C:\WINDOWS\SYSTEM32\ntdll.dll
0x00007ffcf1590000 - 0x00007ffcf1659000 	C:\WINDOWS\System32\KERNEL32.DLL
0x00007ffcf01c0000 - 0x00007ffcf05b8000 	C:\WINDOWS\System32\KERNELBASE.dll
0x00007ffcf0730000 - 0x00007ffcf087b000 	C:\WINDOWS\System32\ucrtbase.dll
0x00007ffcb4110000 - 0x00007ffcb4128000 	c:\Users\User\.vscode\extensions\redhat.java-1.50.0-win32-x64\jre\21.0.9-win32-x86_64\bin\jli.dll
0x00007ffcf1660000 - 0x00007ffcf1827000 	C:\WINDOWS\System32\USER32.dll
0x00007ffcf05c0000 - 0x00007ffcf05e7000 	C:\WINDOWS\System32\win32u.dll
0x00007ffcf0a60000 - 0x00007ffcf0a8b000 	C:\WINDOWS\System32\GDI32.dll
0x00007ffcf0880000 - 0x00007ffcf09ac000 	C:\WINDOWS\System32\gdi32full.dll
0x00007ffcf05f0000 - 0x00007ffcf0693000 	C:\WINDOWS\System32\msvcp_win.dll
0x00007ffcb30e0000 - 0x00007ffcb30fe000 	c:\Users\User\.vscode\extensions\redhat.java-1.50.0-win32-x64\jre\21.0.9-win32-x86_64\bin\VCRUNTIME140.dll
0x00007ffcbf270000 - 0x00007ffcbf504000 	C:\WINDOWS\WinSxS\amd64_microsoft.windows.common-controls_6595b64144ccf1df_6.0.26100.7019_none_3e06ffa0e335b8a8\COMCTL32.dll
0x00007ffcf1e00000 - 0x00007ffcf1ea9000 	C:\WINDOWS\System32\msvcrt.dll
0x00007ffcf2be0000 - 0x00007ffcf2c11000 	C:\WINDOWS\System32\IMM32.DLL
0x00007ffcbbb00000 - 0x00007ffcbbb0c000 	c:\Users\User\.vscode\extensions\redhat.java-1.50.0-win32-x64\jre\21.0.9-win32-x86_64\bin\vcruntime140_1.dll
0x00007ffc99d70000 - 0x00007ffc99dfd000 	c:\Users\User\.vscode\extensions\redhat.java-1.50.0-win32-x64\jre\21.0.9-win32-x86_64\bin\msvcp140.dll
0x00007ffc2b220000 - 0x00007ffc2bfc0000 	c:\Users\User\.vscode\extensions\redhat.java-1.50.0-win32-x64\jre\21.0.9-win32-x86_64\bin\server\jvm.dll
0x00007ffcf0c80000 - 0x00007ffcf0d34000 	C:\WINDOWS\System32\ADVAPI32.dll
0x00007ffcf1050000 - 0x00007ffcf10f6000 	C:\WINDOWS\System32\sechost.dll
0x00007ffcf1f40000 - 0x00007ffcf2058000 	C:\WINDOWS\System32\RPCRT4.dll
0x00007ffcf18f0000 - 0x00007ffcf1964000 	C:\WINDOWS\System32\WS2_32.dll
0x00007ffcc4950000 - 0x00007ffcc4985000 	C:\WINDOWS\SYSTEM32\WINMM.dll
0x00007ffce2950000 - 0x00007ffce295b000 	C:\WINDOWS\SYSTEM32\VERSION.dll
0x00007ffcefc70000 - 0x00007ffcefcce000 	C:\WINDOWS\SYSTEM32\POWRPROF.dll
0x00007ffcefc50000 - 0x00007ffcefc64000 	C:\WINDOWS\SYSTEM32\UMPDC.dll
0x00007ffceeb90000 - 0x00007ffceebab000 	C:\WINDOWS\SYSTEM32\kernel.appcore.dll
0x00007ffcb4480000 - 0x00007ffcb448a000 	c:\Users\User\.vscode\extensions\redhat.java-1.50.0-win32-x64\jre\21.0.9-win32-x86_64\bin\jimage.dll
0x00007ffced500000 - 0x00007ffced742000 	C:\WINDOWS\SYSTEM32\DBGHELP.DLL
0x00007ffcf1100000 - 0x00007ffcf148b000 	C:\WINDOWS\System32\combase.dll
0x00007ffcf0d50000 - 0x00007ffcf0e27000 	C:\WINDOWS\System32\OLEAUT32.dll
0x00007ffcd9dc0000 - 0x00007ffcd9dfc000 	C:\WINDOWS\SYSTEM32\dbgcore.DLL
0x00007ffcf09b0000 - 0x00007ffcf0a55000 	C:\WINDOWS\System32\bcryptPrimitives.dll
0x00007ffcc5730000 - 0x00007ffcc573f000 	c:\Users\User\.vscode\extensions\redhat.java-1.50.0-win32-x64\jre\21.0.9-win32-x86_64\bin\instrument.dll
0x00007ffcaae00000 - 0x00007ffcaae20000 	c:\Users\User\.vscode\extensions\redhat.java-1.50.0-win32-x64\jre\21.0.9-win32-x86_64\bin\java.dll
0x00007ffcf2060000 - 0x00007ffcf27af000 	C:\WINDOWS\System32\SHELL32.dll
0x00007ffceff90000 - 0x00007ffcf00fb000 	C:\WINDOWS\System32\wintypes.dll
0x00007ffced9f0000 - 0x00007ffcee24d000 	C:\WINDOWS\SYSTEM32\windows.storage.dll
0x00007ffcf1490000 - 0x00007ffcf1582000 	C:\WINDOWS\System32\SHCORE.dll
0x00007ffcf0a90000 - 0x00007ffcf0af7000 	C:\WINDOWS\System32\shlwapi.dll
0x00007ffcefd30000 - 0x00007ffcefd59000 	C:\WINDOWS\SYSTEM32\profapi.dll
0x00007ffcaab70000 - 0x00007ffcaab88000 	c:\Users\User\.vscode\extensions\redhat.java-1.50.0-win32-x64\jre\21.0.9-win32-x86_64\bin\zip.dll
0x00007ffcb42f0000 - 0x00007ffcb4300000 	C:\Users\User\.vscode\extensions\redhat.java-1.50.0-win32-x64\jre\21.0.9-win32-x86_64\bin\net.dll
0x00007ffce7090000 - 0x00007ffce71b8000 	C:\WINDOWS\SYSTEM32\WINHTTP.dll
0x00007ffcef0e0000 - 0x00007ffcef14b000 	C:\WINDOWS\system32\mswsock.dll
0x00007ffcaaa90000 - 0x00007ffcaaaa6000 	C:\Users\User\.vscode\extensions\redhat.java-1.50.0-win32-x64\jre\21.0.9-win32-x86_64\bin\nio.dll
0x00007ffcc5030000 - 0x00007ffcc5040000 	c:\Users\User\.vscode\extensions\redhat.java-1.50.0-win32-x64\jre\21.0.9-win32-x86_64\bin\verify.dll
0x00007ffcb3010000 - 0x00007ffcb3054000 	C:\Users\User\AppData\Roaming\Code\User\globalStorage\redhat.java\1.50.0\config_win\org.eclipse.equinox.launcher\org.eclipse.equinox.launcher.win32.win32.x86_64_1.2.1400.v20250801-0854\eclipse_11916.dll
0x00007ffcf0eb0000 - 0x00007ffcf1047000 	C:\WINDOWS\System32\ole32.dll
0x00007ffcef4d0000 - 0x00007ffcef4eb000 	C:\WINDOWS\SYSTEM32\CRYPTSP.dll
0x00007ffceeaf0000 - 0x00007ffceeb2a000 	C:\WINDOWS\system32\rsaenh.dll
0x00007ffcef190000 - 0x00007ffcef1bb000 	C:\WINDOWS\SYSTEM32\USERENV.dll
0x00007ffcefd00000 - 0x00007ffcefd2a000 	C:\WINDOWS\SYSTEM32\bcrypt.dll
0x00007ffcef330000 - 0x00007ffcef33c000 	C:\WINDOWS\SYSTEM32\CRYPTBASE.dll
0x00007ffcee580000 - 0x00007ffcee5b4000 	C:\WINDOWS\SYSTEM32\IPHLPAPI.DLL
0x00007ffcf2930000 - 0x00007ffcf293a000 	C:\WINDOWS\System32\NSI.dll
0x00007ffcad390000 - 0x00007ffcad3d9000 	C:\Users\User\AppData\Local\Temp\jna-2645995\jna17277023764432835012.dll
0x00007ffcf0d40000 - 0x00007ffcf0d48000 	C:\WINDOWS\System32\PSAPI.DLL
0x00007ffce8030000 - 0x00007ffce804e000 	C:\WINDOWS\SYSTEM32\dhcpcsvc6.DLL
0x00007ffce7f80000 - 0x00007ffce7fa3000 	C:\WINDOWS\SYSTEM32\dhcpcsvc.DLL

JVMTI agents:
c:\Users\User\.vscode\extensions\redhat.java-1.50.0-win32-x64\lombok\lombok-1.18.39-4050.jar path:c:\Users\User\.vscode\extensions\redhat.java-1.50.0-win32-x64\jre\21.0.9-win32-x86_64\bin\instrument.dll, loaded, initialized, instrumentlib options:none

dbghelp: loaded successfully - version: 4.0.5 - missing functions: none
symbol engine: initialized successfully - sym options: 0x614 - pdb path: .;c:\Users\User\.vscode\extensions\redhat.java-1.50.0-win32-x64\jre\21.0.9-win32-x86_64\bin;C:\WINDOWS\SYSTEM32;C:\WINDOWS\WinSxS\amd64_microsoft.windows.common-controls_6595b64144ccf1df_6.0.26100.7019_none_3e06ffa0e335b8a8;c:\Users\User\.vscode\extensions\redhat.java-1.50.0-win32-x64\jre\21.0.9-win32-x86_64\bin\server;C:\Users\User\AppData\Roaming\Code\User\globalStorage\redhat.java\1.50.0\config_win\org.eclipse.equinox.launcher\org.eclipse.equinox.launcher.win32.win32.x86_64_1.2.1400.v20250801-0854;C:\Users\User\AppData\Local\Temp\jna-2645995

VM Arguments:
jvm_args: --add-modules=ALL-SYSTEM --add-opens=java.base/java.util=ALL-UNNAMED --add-opens=java.base/java.lang=ALL-UNNAMED --add-opens=java.base/sun.nio.fs=ALL-UNNAMED -Declipse.application=org.eclipse.jdt.ls.core.id1 -Dosgi.bundles.defaultStartLevel=4 -Declipse.product=org.eclipse.jdt.ls.core.product -Djava.import.generatesMetadataFilesAtProjectRoot=false -DDetectVMInstallationsJob.disabled=true -Dfile.encoding=utf8 -XX:+UseParallelGC -XX:GCTimeRatio=4 -XX:AdaptiveSizePolicyWeight=90 -Dsun.zip.disableMemoryMapping=true -Xmx2G -Xms100m -Xlog:disable -javaagent:c:\Users\User\.vscode\extensions\redhat.java-1.50.0-win32-x64\lombok\lombok-1.18.39-4050.jar -XX:+HeapDumpOnOutOfMemoryError -XX:HeapDumpPath=c:\Users\User\AppData\Roaming\Code\User\workspaceStorage\46e6670c960beda67469710289a0fed9\redhat.java -Daether.dependencyCollector.impl=bf 
java_command: c:\Users\User\.vscode\extensions\redhat.java-1.50.0-win32-x64\server\plugins\org.eclipse.equinox.launcher_1.7.100.v20251111-0406.jar -configuration c:\Users\User\AppData\Roaming\Code\User\globalStorage\redhat.java\1.50.0\config_win -data c:\Users\User\AppData\Roaming\Code\User\workspaceStorage\46e6670c960beda67469710289a0fed9\redhat.java\jdt_ws --pipe=\\.\pipe\lsp-c15a375902ce994ece716e51b507cdb6-sock
java_class_path (initial): c:\Users\User\.vscode\extensions\redhat.java-1.50.0-win32-x64\server\plugins\org.eclipse.equinox.launcher_1.7.100.v20251111-0406.jar
Launcher Type: SUN_STANDARD

[Global flags]
    uintx AdaptiveSizePolicyWeight                 = 90                                        {product} {command line}
     intx CICompilerCount                          = 4                                         {product} {ergonomic}
    uintx GCTimeRatio                              = 4                                         {product} {command line}
     bool HeapDumpOnOutOfMemoryError               = true                                   {manageable} {command line}
    ccstr HeapDumpPath                             = c:\Users\User\AppData\Roaming\Code\User\workspaceStorage\46e6670c960beda67469710289a0fed9\redhat.java         {manageable} {command line}
   size_t InitialHeapSize                          = 104857600                                 {product} {command line}
   size_t MaxHeapSize                              = 2147483648                                {product} {command line}
   size_t MaxNewSize                               = 715653120                                 {product} {ergonomic}
   size_t MinHeapDeltaBytes                        = 524288                                    {product} {ergonomic}
   size_t MinHeapSize                              = 104857600                                 {product} {command line}
   size_t NewSize                                  = 34603008                                  {product} {ergonomic}
    uintx NonNMethodCodeHeapSize                   = 5839372                                {pd product} {ergonomic}
    uintx NonProfiledCodeHeapSize                  = 122909434                              {pd product} {ergonomic}
   size_t OldSize                                  = 70254592                                  {product} {ergonomic}
    uintx ProfiledCodeHeapSize                     = 122909434                              {pd product} {ergonomic}
    uintx ReservedCodeCacheSize                    = 251658240                              {pd product} {ergonomic}
     bool SegmentedCodeCache                       = true                                      {product} {ergonomic}
   size_t SoftMaxHeapSize                          = 2147483648                             {manageable} {ergonomic}
     bool UseCompressedOops                        = true                           {product lp64_product} {ergonomic}
     bool UseLargePagesIndividualAllocation        = false                                  {pd product} {ergonomic}
     bool UseParallelGC                            = true                                      {product} {command line}

Logging:
Log output configuration:
 #0: stdout all=off uptime,level,tags foldmultilines=false
 #1: stderr all=off uptime,level,tags foldmultilines=false

Release file:
JAVA_VERSION="21.0.9" 
MODULES="java.base java.compiler java.datatransfer java.xml java.prefs java.desktop java.instrument java.logging java.management java.security.sasl java.naming java.rmi java.management.rmi java.net.http java.scripting java.security.jgss java.transaction.xa java.sql java.sql.rowset java.xml.crypto java.se java.smartcardio jdk.accessibility jdk.internal.jvmstat jdk.attach jdk.charsets jdk.internal.opt jdk.zipfs jdk.compiler jdk.crypto.ec jdk.crypto.cryptoki jdk.crypto.mscapi jdk.dynalink jdk.internal.ed jdk.editpad jdk.hotspot.agent jdk.httpserver jdk.internal.le jdk.internal.vm.ci jdk.internal.vm.compiler jdk.internal.vm.compiler.management jdk.jartool jdk.javadoc jdk.jcmd jdk.management jdk.management.agent jdk.jconsole jdk.jdeps jdk.jdwp.agent jdk.jdi jdk.jfr jdk.jshell jdk.jsobject jdk.jstatd jdk.localedata jdk.management.jfr jdk.naming.dns jdk.naming.rmi jdk.net jdk.nio.mapmode jdk.random jdk.sctp jdk.security.auth jdk.security.jgss jdk.unsupported jdk.unsupported.desktop jdk.xml.dom" 

Environment Variables:
PATH=C:\Program Files (x86)\Labcenter Electronics\Proteus 8 Professional\BIN;D:\Softwares\Proteus 8 Professional\Tools\WinAVR-20100110\bin;D:\Softwares\Proteus 8 Professional\Tools\WinAVR-20100110\utils\bin;C:\Program Files (x86)\Atmel\AVR Tools\AVR Toolchain\bin;D:\Softwares\COMSOL\COMSOL63\Multiphysics\bin\win64;C:\Snort\bin;C:\Program Files\OpenLogic\jdk-11.0.27.6-hotspot\bin;C:\Program Files\Common Files\Oracle\Java\javapath;C:\Program Files (x86)\Common Files\Intel\Shared Libraries\redist\intel64\compiler;C:\WINDOWS\system32;C:\WINDOWS;C:\WINDOWS\System32\Wbem;C:\WINDOWS\System32\WindowsPowerShell\v1.0\;C:\WINDOWS\System32\OpenSSH\;C:\Program Files\Microsoft SQL Server\150\Tools\Binn\;D:\Softwares\MatLB\runtime\win64;D:\Softwares\MatLB\bin;C:\Program Files\Git\cmd;D:\Dev\flutter\bin;C:\Program Files\Microchip\xc8\v3.00\bin;D:\Softwares\Putty\;C:\Program Files\dotnet\;C:\Program Files (x86)\CODESYS\APInstaller\;C:\Users\User\AppData\Local\nvm;C:\nvm4w\nodejs;C:\Program Files (x86)\Labcenter Electronics\Proteus 8 Professional\BIN;C:\Program Files\Microchip\xc8\v3.00\bin;C:\Program Files (x86)\Atmel\AVR Tools\AVR Toolchain\bin;D:\Softwares\COMSOL\COMSOL63\Multiphysics\bin\win64;C:\Snort\bin;D:\Softwares\Metasploit\metasploit-framework\bin\;C:\Users\User\AppData\Local\Programs\Python\Python313\Scripts\;C:\Users\User\AppData\Local\Programs\Python\Python313\;D:\Dev\flutter\bin;C:\Program Files\Common Files\Oracle\Java\javapath;C:\Program Files (x86)\Common Files\Intel\Shared Libraries\redist\intel64\compiler;C:\WINDOWS\system32;C:\WINDOWS;C:\WINDOWS\System32\Wbem;C:\WINDOWS\System32\WindowsPowerShell\v1.0\;C:\WINDOWS\System32\OpenSSH\;C:\Program Files\PuTTY\;C:\Program Files\Microsoft SQL Server\150\Tools\Binn\;D:\Softwares\MatLB\runtime\win64;D:\Softwares\MatLB\bin;C:\Program Files\Git\cmd;C:\Program Files\nodejs\;C:\Program Files\OpenLogic\jdk-11.0.27.6-hotspot\bin;D:\Softwares\Microsoft VS Code\bin;C:\Users\User\nginx-1.29.3\nginx;C:\Users\User\AppData\Local\nvm;C:\nvm4w\nodejs
USERNAME=User
OS=Windows_NT
PROCESSOR_IDENTIFIER=Intel64 Family 6 Model 140 Stepping 1, GenuineIntel
TMP=C:\Users\User\AppData\Local\Temp
TEMP=C:\Users\User\AppData\Local\Temp




Periodic native trim disabled

---------------  S Y S T E M  ---------------

OS:
 Windows 11 , 64 bit Build 26100 (10.0.26100.7019)
OS uptime: 6 days 13:34 hours
Hyper-V role detected

CPU: total 8 (initial active 8) (4 cores per cpu, 2 threads per core) family 6 model 140 stepping 1 microcode 0x8a, cx8, cmov, fxsr, ht, mmx, 3dnowpref, sse, sse2, sse3, ssse3, sse4.1, sse4.2, popcnt, lzcnt, tsc, tscinvbit, avx, avx2, aes, erms, clmul, bmi1, bmi2, adx, avx512f, avx512dq, avx512cd, avx512bw, avx512vl, sha, fma, vzeroupper, avx512_vpopcntdq, avx512_vpclmulqdq, avx512_vaes, avx512_vnni, clflush, clflushopt, clwb, avx512_vbmi2, avx512_vbmi, hv, rdtscp, rdpid, fsrm, gfni, avx512_bitalg, f16c, cet_ibt, cet_ss, avx512_ifma
Processor Information for the first 8 processors :
  Max Mhz: 2419, Current Mhz: 2419, Mhz Limit: 2419

Memory: 4k page, system-wide physical 7971M (447M free)
TotalPageFile size 23115M (AvailPageFile size 9M)
current process WorkingSet (physical memory assigned to process): 192M, peak: 199M
current process commit charge ("private bytes"): 320M, peak: 322M

vm_info: OpenJDK 64-Bit Server VM (21.0.9+10-LTS) for windows-amd64 JRE (21.0.9+10-LTS), built on 2025-10-21T00:00:00Z by "admin" with unknown MS VC++:1942

END.
